2015-07-20 11:17:39,923 [Worker-4] ERROR o.e.m.c.i.p.ProjectConfigurationManager - Unable to create project from archetype [org.apache.maven.archetypes:maven-archetype-quickstart:RELEASE]
org.apache.maven.archetype.old.ArchetypeTemplateProcessingException: Directory HttpSender already exists - please run from a clean directory
	at org.apache.maven.archetype.old.DefaultOldArchetype.createArchetype(DefaultOldArchetype.java:242) ~[archetype-common-2.0-alpha-4.jar:2.0-alpha-4]
	at org.apache.maven.archetype.generator.DefaultArchetypeGenerator.processOldArchetype(DefaultArchetypeGenerator.java:253) ~[archetype-common-2.0-alpha-4.jar:2.0-alpha-4]
	at org.apache.maven.archetype.generator.DefaultArchetypeGenerator.generateArchetype(DefaultArchetypeGenerator.java:143) ~[archetype-common-2.0-alpha-4.jar:2.0-alpha-4]
	at org.apache.maven.archetype.generator.DefaultArchetypeGenerator.generateArchetype(DefaultArchetypeGenerator.java:286) ~[archetype-common-2.0-alpha-4.jar:2.0-alpha-4]
	at org.apache.maven.archetype.DefaultArchetype.generateProjectFromArchetype(DefaultArchetype.java:69) ~[archetype-common-2.0-alpha-4.jar:2.0-alpha-4]
	at org.eclipse.m2e.core.internal.project.ProjectConfigurationManager.createArchetypeProjects0(ProjectConfigurationManager.java:761) [org.eclipse.m2e.core_1.4.0.20130601-0317.jar:na]
	at org.eclipse.m2e.core.internal.project.ProjectConfigurationManager$4.call(ProjectConfigurationManager.java:710) [org.eclipse.m2e.core_1.4.0.20130601-0317.jar:na]
	at org.eclipse.m2e.core.internal.project.ProjectConfigurationManager$4.call(ProjectConfigurationManager.java:1) [org.eclipse.m2e.core_1.4.0.20130601-0317.jar:na]
	at org.eclipse.m2e.core.internal.embedder.MavenExecutionContext.executeBare(MavenExecutionContext.java:161) [org.eclipse.m2e.core_1.4.0.20130601-0317.jar:na]
	at org.eclipse.m2e.core.internal.embedder.MavenExecutionContext.execute(MavenExecutionContext.java:137) [org.eclipse.m2e.core_1.4.0.20130601-0317.jar:na]
	at org.eclipse.m2e.core.internal.embedder.MavenExecutionContext.execute(MavenExecutionContext.java:89) [org.eclipse.m2e.core_1.4.0.20130601-0317.jar:na]
	at org.eclipse.m2e.core.internal.embedder.MavenImpl.execute(MavenImpl.java:1305) [org.eclipse.m2e.core_1.4.0.20130601-0317.jar:na]
	at org.eclipse.m2e.core.internal.project.ProjectConfigurationManager.createArchetypeProjects(ProjectConfigurationManager.java:708) [org.eclipse.m2e.core_1.4.0.20130601-0317.jar:na]
	at org.eclipse.m2e.core.ui.internal.wizards.MavenProjectWizard$5.doCreateMavenProjects(MavenProjectWizard.java:244) [org.eclipse.m2e.core.ui_1.4.0.20130601-0317.jar:na]
	at org.eclipse.m2e.core.ui.internal.wizards.AbstactCreateMavenProjectJob$1.doCreateMavenProjects(AbstactCreateMavenProjectJob.java:46) [org.eclipse.m2e.core.ui_1.4.0.20130601-0317.jar:na]
	at org.eclipse.m2e.core.ui.internal.wizards.AbstractCreateMavenProjectsOperation.run(AbstractCreateMavenProjectsOperation.java:74) [org.eclipse.m2e.core.ui_1.4.0.20130601-0317.jar:na]
	at org.eclipse.m2e.core.ui.internal.wizards.AbstactCreateMavenProjectJob.runInWorkspace(AbstactCreateMavenProjectJob.java:50) [org.eclipse.m2e.core.ui_1.4.0.20130601-0317.jar:na]
	at org.eclipse.core.internal.resources.InternalWorkspaceJob.run(InternalWorkspaceJob.java:38) [org.eclipse.core.resources_3.8.101.v20130717-0806.jar:na]
	at org.eclipse.core.internal.jobs.Worker.run(Worker.java:53) [org.eclipse.core.jobs_3.5.300.v20130429-1813.jar:na]
2015-07-20 11:18:26,237 [Worker-8] INFO  o.e.m.c.i.p.ProjectConfigurationManager - Collecting project info '/pom.xml' C:\Users\ayokota\Desktop\Practice\httpRequestSender\http\pom.xml
2015-07-20 11:18:29,421 [Worker-8] INFO  o.e.m.c.i.l.LifecycleMappingFactory - Using org.eclipse.m2e.jdt.JarLifecycleMapping lifecycle mapping for MavenProject: HttpSender:http:0.0.1-SNAPSHOT @ C:\Users\ayokota\Desktop\Practice\httpRequestSender\http\pom.xml.
2015-07-20 11:18:31,390 [Worker-8] INFO  o.e.m.j.i.AbstractJavaProjectConfigurator - Adding source folder /http/src/main/java
2015-07-20 11:18:31,400 [Worker-8] INFO  o.e.m.j.i.AbstractJavaProjectConfigurator - Adding source folder /http/src/test/java
2015-07-20 11:18:31,554 [Worker-8] INFO  o.e.m.c.i.p.ProjectConfigurationManager - Project import completed 5 sec
2015-07-20 11:18:32,055 [Worker-6] INFO  o.e.m.c.i.l.LifecycleMappingFactory - Using org.eclipse.m2e.jdt.JarLifecycleMapping lifecycle mapping for MavenProject: HttpSender:http:0.0.1-SNAPSHOT @ C:\Users\ayokota\Desktop\Practice\httpRequestSender\http\pom.xml.
2015-07-20 11:18:32,371 [Worker-6] INFO  o.e.m.c.i.embedder.EclipseLogger - Using 'UTF-8' encoding to copy filtered resources.
2015-07-20 11:18:32,372 [Worker-6] INFO  o.e.m.c.i.embedder.EclipseLogger - skip non existing resourceDirectory C:\Users\ayokota\Desktop\Practice\httpRequestSender\http\src\main\resources
2015-07-20 11:18:32,374 [Worker-6] INFO  o.e.m.c.i.embedder.EclipseLogger - Using 'UTF-8' encoding to copy filtered resources.
2015-07-20 11:18:32,374 [Worker-6] INFO  o.e.m.c.i.embedder.EclipseLogger - skip non existing resourceDirectory C:\Users\ayokota\Desktop\Practice\httpRequestSender\http\src\test\resources
2015-07-20 11:18:33,254 [Worker-7] INFO  o.e.m.c.i.l.LifecycleMappingFactory - Using org.eclipse.m2e.jdt.JarLifecycleMapping lifecycle mapping for MavenProject: HttpSender:http:0.0.1-SNAPSHOT @ C:\Users\ayokota\Desktop\Practice\httpRequestSender\http\pom.xml.
2015-07-20 11:18:33,479 [Worker-6] INFO  o.e.m.c.i.embedder.EclipseLogger - Using 'UTF-8' encoding to copy filtered resources.
2015-07-20 11:18:33,480 [Worker-6] INFO  o.e.m.c.i.embedder.EclipseLogger - skip non existing resourceDirectory C:\Users\ayokota\Desktop\Practice\httpRequestSender\http\src\main\resources
2015-07-20 11:18:33,482 [Worker-6] INFO  o.e.m.c.i.embedder.EclipseLogger - Using 'UTF-8' encoding to copy filtered resources.
2015-07-20 11:18:33,482 [Worker-6] INFO  o.e.m.c.i.embedder.EclipseLogger - skip non existing resourceDirectory C:\Users\ayokota\Desktop\Practice\httpRequestSender\http\src\test\resources
2015-07-20 11:18:54,711 [Worker-9] INFO  o.e.m.c.i.embedder.EclipseLogger - Using 'UTF-8' encoding to copy filtered resources.
2015-07-20 11:18:54,712 [Worker-9] INFO  o.e.m.c.i.embedder.EclipseLogger - skip non existing resourceDirectory C:\Users\ayokota\Desktop\Practice\httpRequestSender\http\src\main\resources
2015-07-20 11:18:54,714 [Worker-9] INFO  o.e.m.c.i.embedder.EclipseLogger - Using 'UTF-8' encoding to copy filtered resources.
2015-07-20 11:18:54,714 [Worker-9] INFO  o.e.m.c.i.embedder.EclipseLogger - skip non existing resourceDirectory C:\Users\ayokota\Desktop\Practice\httpRequestSender\http\src\test\resources
2015-07-20 11:19:10,682 [Worker-6] INFO  o.e.m.c.i.embedder.EclipseLogger - Using 'UTF-8' encoding to copy filtered resources.
2015-07-20 11:19:10,682 [Worker-6] INFO  o.e.m.c.i.embedder.EclipseLogger - skip non existing resourceDirectory C:\Users\ayokota\Desktop\Practice\httpRequestSender\http\src\main\resources
2015-07-20 11:19:10,684 [Worker-6] INFO  o.e.m.c.i.embedder.EclipseLogger - Using 'UTF-8' encoding to copy filtered resources.
2015-07-20 11:19:10,684 [Worker-6] INFO  o.e.m.c.i.embedder.EclipseLogger - skip non existing resourceDirectory C:\Users\ayokota\Desktop\Practice\httpRequestSender\http\src\test\resources
2015-07-20 11:19:20,503 [Worker-7] INFO  o.e.m.c.i.embedder.EclipseLogger - Using 'UTF-8' encoding to copy filtered resources.
2015-07-20 11:19:20,503 [Worker-7] INFO  o.e.m.c.i.embedder.EclipseLogger - skip non existing resourceDirectory C:\Users\ayokota\Desktop\Practice\httpRequestSender\http\src\main\resources
2015-07-20 11:19:20,504 [Worker-7] INFO  o.e.m.c.i.embedder.EclipseLogger - Using 'UTF-8' encoding to copy filtered resources.
2015-07-20 11:19:20,504 [Worker-7] INFO  o.e.m.c.i.embedder.EclipseLogger - skip non existing resourceDirectory C:\Users\ayokota\Desktop\Practice\httpRequestSender\http\src\test\resources
2015-07-20 11:19:40,242 [Worker-9] INFO  o.e.m.c.i.embedder.EclipseLogger - Using 'UTF-8' encoding to copy filtered resources.
2015-07-20 11:19:40,244 [Worker-9] INFO  o.e.m.c.i.embedder.EclipseLogger - skip non existing resourceDirectory C:\Users\ayokota\Desktop\Practice\httpRequestSender\http\src\main\resources
2015-07-20 11:19:40,247 [Worker-9] INFO  o.e.m.c.i.embedder.EclipseLogger - Using 'UTF-8' encoding to copy filtered resources.
2015-07-20 11:19:40,248 [Worker-9] INFO  o.e.m.c.i.embedder.EclipseLogger - skip non existing resourceDirectory C:\Users\ayokota\Desktop\Practice\httpRequestSender\http\src\test\resources
2015-07-20 11:20:16,538 [Worker-6] INFO  o.e.m.c.i.embedder.EclipseLogger - Using 'UTF-8' encoding to copy filtered resources.
2015-07-20 11:20:16,538 [Worker-6] INFO  o.e.m.c.i.embedder.EclipseLogger - skip non existing resourceDirectory C:\Users\ayokota\Desktop\Practice\httpRequestSender\http\src\main\resources
2015-07-20 11:20:16,540 [Worker-6] INFO  o.e.m.c.i.embedder.EclipseLogger - Using 'UTF-8' encoding to copy filtered resources.
2015-07-20 11:20:16,540 [Worker-6] INFO  o.e.m.c.i.embedder.EclipseLogger - skip non existing resourceDirectory C:\Users\ayokota\Desktop\Practice\httpRequestSender\http\src\test\resources
2015-07-20 11:21:04,611 [Worker-11] INFO  o.e.m.c.i.embedder.EclipseLogger - Using 'UTF-8' encoding to copy filtered resources.
2015-07-20 11:21:04,612 [Worker-11] INFO  o.e.m.c.i.embedder.EclipseLogger - skip non existing resourceDirectory C:\Users\ayokota\Desktop\Practice\httpRequestSender\http\src\main\resources
2015-07-20 11:21:04,618 [Worker-11] INFO  o.e.m.c.i.embedder.EclipseLogger - Using 'UTF-8' encoding to copy filtered resources.
2015-07-20 11:21:04,619 [Worker-11] INFO  o.e.m.c.i.embedder.EclipseLogger - skip non existing resourceDirectory C:\Users\ayokota\Desktop\Practice\httpRequestSender\http\src\test\resources
2015-07-20 11:21:15,741 [Worker-4] INFO  o.e.m.c.i.embedder.EclipseLogger - Using 'UTF-8' encoding to copy filtered resources.
2015-07-20 11:21:15,741 [Worker-4] INFO  o.e.m.c.i.embedder.EclipseLogger - skip non existing resourceDirectory C:\Users\ayokota\Desktop\Practice\httpRequestSender\http\src\main\resources
2015-07-20 11:21:15,743 [Worker-4] INFO  o.e.m.c.i.embedder.EclipseLogger - Using 'UTF-8' encoding to copy filtered resources.
2015-07-20 11:21:15,743 [Worker-4] INFO  o.e.m.c.i.embedder.EclipseLogger - skip non existing resourceDirectory C:\Users\ayokota\Desktop\Practice\httpRequestSender\http\src\test\resources
2015-07-20 11:21:33,291 [Worker-12] INFO  o.e.m.c.i.embedder.EclipseLogger - Using 'UTF-8' encoding to copy filtered resources.
2015-07-20 11:21:33,292 [Worker-12] INFO  o.e.m.c.i.embedder.EclipseLogger - skip non existing resourceDirectory C:\Users\ayokota\Desktop\Practice\httpRequestSender\http\src\main\resources
2015-07-20 11:21:33,294 [Worker-12] INFO  o.e.m.c.i.embedder.EclipseLogger - Using 'UTF-8' encoding to copy filtered resources.
2015-07-20 11:21:33,294 [Worker-12] INFO  o.e.m.c.i.embedder.EclipseLogger - skip non existing resourceDirectory C:\Users\ayokota\Desktop\Practice\httpRequestSender\http\src\test\resources
2015-07-20 11:21:58,693 [Worker-3] INFO  o.e.m.c.i.embedder.EclipseLogger - Using 'UTF-8' encoding to copy filtered resources.
2015-07-20 11:21:58,694 [Worker-3] INFO  o.e.m.c.i.embedder.EclipseLogger - skip non existing resourceDirectory C:\Users\ayokota\Desktop\Practice\httpRequestSender\http\src\main\resources
2015-07-20 11:21:58,695 [Worker-3] INFO  o.e.m.c.i.embedder.EclipseLogger - Using 'UTF-8' encoding to copy filtered resources.
2015-07-20 11:21:58,695 [Worker-3] INFO  o.e.m.c.i.embedder.EclipseLogger - skip non existing resourceDirectory C:\Users\ayokota\Desktop\Practice\httpRequestSender\http\src\test\resources
2015-07-20 11:22:17,145 [Worker-6] INFO  o.e.m.c.i.embedder.EclipseLogger - Using 'UTF-8' encoding to copy filtered resources.
2015-07-20 11:22:17,146 [Worker-6] INFO  o.e.m.c.i.embedder.EclipseLogger - skip non existing resourceDirectory C:\Users\ayokota\Desktop\Practice\httpRequestSender\http\src\main\resources
2015-07-20 11:22:17,147 [Worker-6] INFO  o.e.m.c.i.embedder.EclipseLogger - Using 'UTF-8' encoding to copy filtered resources.
2015-07-20 11:22:17,148 [Worker-6] INFO  o.e.m.c.i.embedder.EclipseLogger - skip non existing resourceDirectory C:\Users\ayokota\Desktop\Practice\httpRequestSender\http\src\test\resources
2015-07-20 11:22:29,913 [Worker-4] INFO  o.e.m.c.i.embedder.EclipseLogger - Using 'UTF-8' encoding to copy filtered resources.
2015-07-20 11:22:29,914 [Worker-4] INFO  o.e.m.c.i.embedder.EclipseLogger - skip non existing resourceDirectory C:\Users\ayokota\Desktop\Practice\httpRequestSender\http\src\main\resources
2015-07-20 11:22:29,916 [Worker-4] INFO  o.e.m.c.i.embedder.EclipseLogger - Using 'UTF-8' encoding to copy filtered resources.
2015-07-20 11:22:29,917 [Worker-4] INFO  o.e.m.c.i.embedder.EclipseLogger - skip non existing resourceDirectory C:\Users\ayokota\Desktop\Practice\httpRequestSender\http\src\test\resources
2015-07-20 11:22:53,132 [Worker-11] INFO  o.e.m.c.i.embedder.EclipseLogger - Using 'UTF-8' encoding to copy filtered resources.
2015-07-20 11:22:53,133 [Worker-11] INFO  o.e.m.c.i.embedder.EclipseLogger - skip non existing resourceDirectory C:\Users\ayokota\Desktop\Practice\httpRequestSender\http\src\main\resources
2015-07-20 11:22:53,135 [Worker-11] INFO  o.e.m.c.i.embedder.EclipseLogger - Using 'UTF-8' encoding to copy filtered resources.
2015-07-20 11:22:53,135 [Worker-11] INFO  o.e.m.c.i.embedder.EclipseLogger - skip non existing resourceDirectory C:\Users\ayokota\Desktop\Practice\httpRequestSender\http\src\test\resources
2015-07-20 11:23:40,094 [Worker-6] INFO  o.e.m.c.i.embedder.EclipseLogger - Using 'UTF-8' encoding to copy filtered resources.
2015-07-20 11:23:40,094 [Worker-6] INFO  o.e.m.c.i.embedder.EclipseLogger - skip non existing resourceDirectory C:\Users\ayokota\Desktop\Practice\httpRequestSender\http\src\main\resources
2015-07-20 11:23:40,096 [Worker-6] INFO  o.e.m.c.i.embedder.EclipseLogger - Using 'UTF-8' encoding to copy filtered resources.
2015-07-20 11:23:40,096 [Worker-6] INFO  o.e.m.c.i.embedder.EclipseLogger - skip non existing resourceDirectory C:\Users\ayokota\Desktop\Practice\httpRequestSender\http\src\test\resources
2015-07-20 11:23:50,019 [Worker-6] INFO  o.e.m.c.i.embedder.EclipseLogger - Using 'UTF-8' encoding to copy filtered resources.
2015-07-20 11:23:50,019 [Worker-6] INFO  o.e.m.c.i.embedder.EclipseLogger - skip non existing resourceDirectory C:\Users\ayokota\Desktop\Practice\httpRequestSender\http\src\main\resources
2015-07-20 11:23:50,023 [Worker-6] INFO  o.e.m.c.i.embedder.EclipseLogger - Using 'UTF-8' encoding to copy filtered resources.
2015-07-20 11:23:50,024 [Worker-6] INFO  o.e.m.c.i.embedder.EclipseLogger - skip non existing resourceDirectory C:\Users\ayokota\Desktop\Practice\httpRequestSender\http\src\test\resources
2015-07-20 11:24:09,662 [Worker-15] INFO  o.e.m.c.i.embedder.EclipseLogger - Using 'UTF-8' encoding to copy filtered resources.
2015-07-20 11:24:09,662 [Worker-15] INFO  o.e.m.c.i.embedder.EclipseLogger - skip non existing resourceDirectory C:\Users\ayokota\Desktop\Practice\httpRequestSender\http\src\main\resources
2015-07-20 11:24:09,664 [Worker-15] INFO  o.e.m.c.i.embedder.EclipseLogger - Using 'UTF-8' encoding to copy filtered resources.
2015-07-20 11:24:09,664 [Worker-15] INFO  o.e.m.c.i.embedder.EclipseLogger - skip non existing resourceDirectory C:\Users\ayokota\Desktop\Practice\httpRequestSender\http\src\test\resources
2015-07-20 11:24:20,177 [Worker-12] INFO  o.e.m.c.i.embedder.EclipseLogger - Using 'UTF-8' encoding to copy filtered resources.
2015-07-20 11:24:20,177 [Worker-12] INFO  o.e.m.c.i.embedder.EclipseLogger - skip non existing resourceDirectory C:\Users\ayokota\Desktop\Practice\httpRequestSender\http\src\main\resources
2015-07-20 11:24:20,179 [Worker-12] INFO  o.e.m.c.i.embedder.EclipseLogger - Using 'UTF-8' encoding to copy filtered resources.
2015-07-20 11:24:20,180 [Worker-12] INFO  o.e.m.c.i.embedder.EclipseLogger - skip non existing resourceDirectory C:\Users\ayokota\Desktop\Practice\httpRequestSender\http\src\test\resources
2015-07-20 11:24:29,198 [Worker-16] INFO  o.e.m.c.i.embedder.EclipseLogger - Using 'UTF-8' encoding to copy filtered resources.
2015-07-20 11:24:29,198 [Worker-16] INFO  o.e.m.c.i.embedder.EclipseLogger - skip non existing resourceDirectory C:\Users\ayokota\Desktop\Practice\httpRequestSender\http\src\main\resources
2015-07-20 11:24:29,199 [Worker-16] INFO  o.e.m.c.i.embedder.EclipseLogger - Using 'UTF-8' encoding to copy filtered resources.
2015-07-20 11:24:29,199 [Worker-16] INFO  o.e.m.c.i.embedder.EclipseLogger - skip non existing resourceDirectory C:\Users\ayokota\Desktop\Practice\httpRequestSender\http\src\test\resources
2015-07-20 11:24:39,020 [Worker-10] INFO  o.e.m.c.i.embedder.EclipseLogger - Using 'UTF-8' encoding to copy filtered resources.
2015-07-20 11:24:39,020 [Worker-10] INFO  o.e.m.c.i.embedder.EclipseLogger - skip non existing resourceDirectory C:\Users\ayokota\Desktop\Practice\httpRequestSender\http\src\main\resources
2015-07-20 11:24:39,022 [Worker-10] INFO  o.e.m.c.i.embedder.EclipseLogger - Using 'UTF-8' encoding to copy filtered resources.
2015-07-20 11:24:39,022 [Worker-10] INFO  o.e.m.c.i.embedder.EclipseLogger - skip non existing resourceDirectory C:\Users\ayokota\Desktop\Practice\httpRequestSender\http\src\test\resources
2015-07-20 11:24:47,155 [Worker-3] INFO  o.e.m.c.i.embedder.EclipseLogger - Using 'UTF-8' encoding to copy filtered resources.
2015-07-20 11:24:47,156 [Worker-3] INFO  o.e.m.c.i.embedder.EclipseLogger - skip non existing resourceDirectory C:\Users\ayokota\Desktop\Practice\httpRequestSender\http\src\main\resources
2015-07-20 11:24:47,161 [Worker-3] INFO  o.e.m.c.i.embedder.EclipseLogger - Using 'UTF-8' encoding to copy filtered resources.
2015-07-20 11:24:47,161 [Worker-3] INFO  o.e.m.c.i.embedder.EclipseLogger - skip non existing resourceDirectory C:\Users\ayokota\Desktop\Practice\httpRequestSender\http\src\test\resources
2015-07-20 11:24:48,505 [Worker-8] INFO  o.e.m.c.i.embedder.EclipseLogger - Using 'UTF-8' encoding to copy filtered resources.
2015-07-20 11:24:48,506 [Worker-8] INFO  o.e.m.c.i.embedder.EclipseLogger - skip non existing resourceDirectory C:\Users\ayokota\Desktop\Practice\httpRequestSender\http\src\main\resources
2015-07-20 11:24:48,508 [Worker-8] INFO  o.e.m.c.i.embedder.EclipseLogger - Using 'UTF-8' encoding to copy filtered resources.
2015-07-20 11:24:48,508 [Worker-8] INFO  o.e.m.c.i.embedder.EclipseLogger - skip non existing resourceDirectory C:\Users\ayokota\Desktop\Practice\httpRequestSender\http\src\test\resources
2015-07-20 11:25:00,247 [Worker-13] INFO  o.e.m.c.i.embedder.EclipseLogger - Using 'UTF-8' encoding to copy filtered resources.
2015-07-20 11:25:00,248 [Worker-13] INFO  o.e.m.c.i.embedder.EclipseLogger - skip non existing resourceDirectory C:\Users\ayokota\Desktop\Practice\httpRequestSender\http\src\main\resources
2015-07-20 11:25:00,249 [Worker-13] INFO  o.e.m.c.i.embedder.EclipseLogger - Using 'UTF-8' encoding to copy filtered resources.
2015-07-20 11:25:00,250 [Worker-13] INFO  o.e.m.c.i.embedder.EclipseLogger - skip non existing resourceDirectory C:\Users\ayokota\Desktop\Practice\httpRequestSender\http\src\test\resources
2015-07-20 11:27:22,091 [Worker-9] INFO  o.e.m.c.i.embedder.EclipseLogger - Using 'UTF-8' encoding to copy filtered resources.
2015-07-20 11:27:22,091 [Worker-9] INFO  o.e.m.c.i.embedder.EclipseLogger - skip non existing resourceDirectory C:\Users\ayokota\Desktop\Practice\httpRequestSender\http\src\main\resources
2015-07-20 11:27:22,093 [Worker-9] INFO  o.e.m.c.i.embedder.EclipseLogger - Using 'UTF-8' encoding to copy filtered resources.
2015-07-20 11:27:22,093 [Worker-9] INFO  o.e.m.c.i.embedder.EclipseLogger - skip non existing resourceDirectory C:\Users\ayokota\Desktop\Practice\httpRequestSender\http\src\test\resources
2015-07-20 11:27:52,616 [Worker-4] INFO  o.e.m.c.i.embedder.EclipseLogger - Using 'UTF-8' encoding to copy filtered resources.
2015-07-20 11:27:52,617 [Worker-4] INFO  o.e.m.c.i.embedder.EclipseLogger - skip non existing resourceDirectory C:\Users\ayokota\Desktop\Practice\httpRequestSender\http\src\main\resources
2015-07-20 11:27:52,618 [Worker-4] INFO  o.e.m.c.i.embedder.EclipseLogger - Using 'UTF-8' encoding to copy filtered resources.
2015-07-20 11:27:52,619 [Worker-4] INFO  o.e.m.c.i.embedder.EclipseLogger - skip non existing resourceDirectory C:\Users\ayokota\Desktop\Practice\httpRequestSender\http\src\test\resources
2015-07-20 11:28:08,412 [Worker-4] INFO  o.e.m.c.i.embedder.EclipseLogger - Using 'UTF-8' encoding to copy filtered resources.
2015-07-20 11:28:08,413 [Worker-4] INFO  o.e.m.c.i.embedder.EclipseLogger - skip non existing resourceDirectory C:\Users\ayokota\Desktop\Practice\httpRequestSender\http\src\main\resources
2015-07-20 11:28:08,416 [Worker-4] INFO  o.e.m.c.i.embedder.EclipseLogger - Using 'UTF-8' encoding to copy filtered resources.
2015-07-20 11:28:08,416 [Worker-4] INFO  o.e.m.c.i.embedder.EclipseLogger - skip non existing resourceDirectory C:\Users\ayokota\Desktop\Practice\httpRequestSender\http\src\test\resources
2015-07-20 11:28:13,638 [Worker-16] INFO  o.e.m.c.i.embedder.EclipseLogger - Using 'UTF-8' encoding to copy filtered resources.
2015-07-20 11:28:13,638 [Worker-16] INFO  o.e.m.c.i.embedder.EclipseLogger - skip non existing resourceDirectory C:\Users\ayokota\Desktop\Practice\httpRequestSender\http\src\main\resources
2015-07-20 11:28:13,639 [Worker-16] INFO  o.e.m.c.i.embedder.EclipseLogger - Using 'UTF-8' encoding to copy filtered resources.
2015-07-20 11:28:13,639 [Worker-16] INFO  o.e.m.c.i.embedder.EclipseLogger - skip non existing resourceDirectory C:\Users\ayokota\Desktop\Practice\httpRequestSender\http\src\test\resources
2015-07-20 11:28:30,335 [Worker-16] INFO  o.e.m.c.i.embedder.EclipseLogger - Using 'UTF-8' encoding to copy filtered resources.
2015-07-20 11:28:30,336 [Worker-16] INFO  o.e.m.c.i.embedder.EclipseLogger - skip non existing resourceDirectory C:\Users\ayokota\Desktop\Practice\httpRequestSender\http\src\main\resources
2015-07-20 11:28:30,337 [Worker-16] INFO  o.e.m.c.i.embedder.EclipseLogger - Using 'UTF-8' encoding to copy filtered resources.
2015-07-20 11:28:30,337 [Worker-16] INFO  o.e.m.c.i.embedder.EclipseLogger - skip non existing resourceDirectory C:\Users\ayokota\Desktop\Practice\httpRequestSender\http\src\test\resources
2015-07-20 11:28:34,422 [Worker-19] INFO  o.e.m.c.i.embedder.EclipseLogger - Using 'UTF-8' encoding to copy filtered resources.
2015-07-20 11:28:34,422 [Worker-19] INFO  o.e.m.c.i.embedder.EclipseLogger - skip non existing resourceDirectory C:\Users\ayokota\Desktop\Practice\httpRequestSender\http\src\main\resources
2015-07-20 11:28:34,423 [Worker-19] INFO  o.e.m.c.i.embedder.EclipseLogger - Using 'UTF-8' encoding to copy filtered resources.
2015-07-20 11:28:34,423 [Worker-19] INFO  o.e.m.c.i.embedder.EclipseLogger - skip non existing resourceDirectory C:\Users\ayokota\Desktop\Practice\httpRequestSender\http\src\test\resources
2015-07-20 11:29:09,482 [Worker-17] INFO  o.e.m.c.i.embedder.EclipseLogger - Using 'UTF-8' encoding to copy filtered resources.
2015-07-20 11:29:09,483 [Worker-17] INFO  o.e.m.c.i.embedder.EclipseLogger - skip non existing resourceDirectory C:\Users\ayokota\Desktop\Practice\httpRequestSender\http\src\main\resources
2015-07-20 11:29:09,484 [Worker-17] INFO  o.e.m.c.i.embedder.EclipseLogger - Using 'UTF-8' encoding to copy filtered resources.
2015-07-20 11:29:09,484 [Worker-17] INFO  o.e.m.c.i.embedder.EclipseLogger - skip non existing resourceDirectory C:\Users\ayokota\Desktop\Practice\httpRequestSender\http\src\test\resources
2015-07-20 11:29:26,322 [Worker-20] INFO  o.e.m.c.i.embedder.EclipseLogger - Using 'UTF-8' encoding to copy filtered resources.
2015-07-20 11:29:26,322 [Worker-20] INFO  o.e.m.c.i.embedder.EclipseLogger - skip non existing resourceDirectory C:\Users\ayokota\Desktop\Practice\httpRequestSender\http\src\main\resources
2015-07-20 11:29:26,324 [Worker-20] INFO  o.e.m.c.i.embedder.EclipseLogger - Using 'UTF-8' encoding to copy filtered resources.
2015-07-20 11:29:26,324 [Worker-20] INFO  o.e.m.c.i.embedder.EclipseLogger - skip non existing resourceDirectory C:\Users\ayokota\Desktop\Practice\httpRequestSender\http\src\test\resources
2015-07-20 11:29:46,352 [Worker-21] INFO  o.e.m.c.i.embedder.EclipseLogger - Using 'UTF-8' encoding to copy filtered resources.
2015-07-20 11:29:46,353 [Worker-21] INFO  o.e.m.c.i.embedder.EclipseLogger - skip non existing resourceDirectory C:\Users\ayokota\Desktop\Practice\httpRequestSender\http\src\main\resources
2015-07-20 11:29:46,354 [Worker-21] INFO  o.e.m.c.i.embedder.EclipseLogger - Using 'UTF-8' encoding to copy filtered resources.
2015-07-20 11:29:46,354 [Worker-21] INFO  o.e.m.c.i.embedder.EclipseLogger - skip non existing resourceDirectory C:\Users\ayokota\Desktop\Practice\httpRequestSender\http\src\test\resources
2015-07-20 11:29:52,779 [Worker-11] INFO  o.e.m.c.i.embedder.EclipseLogger - Using 'UTF-8' encoding to copy filtered resources.
2015-07-20 11:29:52,779 [Worker-11] INFO  o.e.m.c.i.embedder.EclipseLogger - skip non existing resourceDirectory C:\Users\ayokota\Desktop\Practice\httpRequestSender\http\src\main\resources
2015-07-20 11:29:52,781 [Worker-11] INFO  o.e.m.c.i.embedder.EclipseLogger - Using 'UTF-8' encoding to copy filtered resources.
2015-07-20 11:29:52,781 [Worker-11] INFO  o.e.m.c.i.embedder.EclipseLogger - skip non existing resourceDirectory C:\Users\ayokota\Desktop\Practice\httpRequestSender\http\src\test\resources
2015-07-20 11:29:59,847 [Worker-9] INFO  o.e.m.c.i.embedder.EclipseLogger - Using 'UTF-8' encoding to copy filtered resources.
2015-07-20 11:29:59,848 [Worker-9] INFO  o.e.m.c.i.embedder.EclipseLogger - skip non existing resourceDirectory C:\Users\ayokota\Desktop\Practice\httpRequestSender\http\src\main\resources
2015-07-20 11:29:59,850 [Worker-9] INFO  o.e.m.c.i.embedder.EclipseLogger - Using 'UTF-8' encoding to copy filtered resources.
2015-07-20 11:29:59,850 [Worker-9] INFO  o.e.m.c.i.embedder.EclipseLogger - skip non existing resourceDirectory C:\Users\ayokota\Desktop\Practice\httpRequestSender\http\src\test\resources
2015-07-20 11:30:22,124 [Worker-16] INFO  o.e.m.c.i.embedder.EclipseLogger - Using 'UTF-8' encoding to copy filtered resources.
2015-07-20 11:30:22,124 [Worker-16] INFO  o.e.m.c.i.embedder.EclipseLogger - skip non existing resourceDirectory C:\Users\ayokota\Desktop\Practice\httpRequestSender\http\src\main\resources
2015-07-20 11:30:22,127 [Worker-16] INFO  o.e.m.c.i.embedder.EclipseLogger - Using 'UTF-8' encoding to copy filtered resources.
2015-07-20 11:30:22,128 [Worker-16] INFO  o.e.m.c.i.embedder.EclipseLogger - skip non existing resourceDirectory C:\Users\ayokota\Desktop\Practice\httpRequestSender\http\src\test\resources
2015-07-20 11:30:53,242 [Worker-21] INFO  o.e.m.c.i.embedder.EclipseLogger - Using 'UTF-8' encoding to copy filtered resources.
2015-07-20 11:30:53,242 [Worker-21] INFO  o.e.m.c.i.embedder.EclipseLogger - skip non existing resourceDirectory C:\Users\ayokota\Desktop\Practice\httpRequestSender\http\src\main\resources
2015-07-20 11:30:53,243 [Worker-21] INFO  o.e.m.c.i.embedder.EclipseLogger - Using 'UTF-8' encoding to copy filtered resources.
2015-07-20 11:30:53,244 [Worker-21] INFO  o.e.m.c.i.embedder.EclipseLogger - skip non existing resourceDirectory C:\Users\ayokota\Desktop\Practice\httpRequestSender\http\src\test\resources
2015-07-20 11:30:59,777 [Worker-17] INFO  o.e.m.c.i.embedder.EclipseLogger - Using 'UTF-8' encoding to copy filtered resources.
2015-07-20 11:30:59,778 [Worker-17] INFO  o.e.m.c.i.embedder.EclipseLogger - skip non existing resourceDirectory C:\Users\ayokota\Desktop\Practice\httpRequestSender\http\src\main\resources
2015-07-20 11:30:59,780 [Worker-17] INFO  o.e.m.c.i.embedder.EclipseLogger - Using 'UTF-8' encoding to copy filtered resources.
2015-07-20 11:30:59,780 [Worker-17] INFO  o.e.m.c.i.embedder.EclipseLogger - skip non existing resourceDirectory C:\Users\ayokota\Desktop\Practice\httpRequestSender\http\src\test\resources
2015-07-20 11:31:51,948 [Worker-4] INFO  o.e.m.c.i.embedder.EclipseLogger - Using 'UTF-8' encoding to copy filtered resources.
2015-07-20 11:31:51,948 [Worker-4] INFO  o.e.m.c.i.embedder.EclipseLogger - skip non existing resourceDirectory C:\Users\ayokota\Desktop\Practice\httpRequestSender\http\src\main\resources
2015-07-20 11:31:51,950 [Worker-4] INFO  o.e.m.c.i.embedder.EclipseLogger - Using 'UTF-8' encoding to copy filtered resources.
2015-07-20 11:31:51,950 [Worker-4] INFO  o.e.m.c.i.embedder.EclipseLogger - skip non existing resourceDirectory C:\Users\ayokota\Desktop\Practice\httpRequestSender\http\src\test\resources
2015-07-20 11:33:07,754 [Worker-16] INFO  o.e.m.c.i.embedder.EclipseLogger - Using 'UTF-8' encoding to copy filtered resources.
2015-07-20 11:33:07,755 [Worker-16] INFO  o.e.m.c.i.embedder.EclipseLogger - skip non existing resourceDirectory C:\Users\ayokota\Desktop\Practice\httpRequestSender\http\src\main\resources
2015-07-20 11:33:07,758 [Worker-16] INFO  o.e.m.c.i.embedder.EclipseLogger - Using 'UTF-8' encoding to copy filtered resources.
2015-07-20 11:33:07,759 [Worker-16] INFO  o.e.m.c.i.embedder.EclipseLogger - skip non existing resourceDirectory C:\Users\ayokota\Desktop\Practice\httpRequestSender\http\src\test\resources
2015-07-20 11:34:11,282 [Worker-20] INFO  o.e.m.c.i.embedder.EclipseLogger - Using 'UTF-8' encoding to copy filtered resources.
2015-07-20 11:34:11,283 [Worker-20] INFO  o.e.m.c.i.embedder.EclipseLogger - skip non existing resourceDirectory C:\Users\ayokota\Desktop\Practice\httpRequestSender\http\src\main\resources
2015-07-20 11:34:11,284 [Worker-20] INFO  o.e.m.c.i.embedder.EclipseLogger - Using 'UTF-8' encoding to copy filtered resources.
2015-07-20 11:34:11,285 [Worker-20] INFO  o.e.m.c.i.embedder.EclipseLogger - skip non existing resourceDirectory C:\Users\ayokota\Desktop\Practice\httpRequestSender\http\src\test\resources
2015-07-20 11:34:17,242 [Worker-18] INFO  o.e.m.c.i.embedder.EclipseLogger - Using 'UTF-8' encoding to copy filtered resources.
2015-07-20 11:34:17,242 [Worker-18] INFO  o.e.m.c.i.embedder.EclipseLogger - skip non existing resourceDirectory C:\Users\ayokota\Desktop\Practice\httpRequestSender\http\src\main\resources
2015-07-20 11:34:17,244 [Worker-18] INFO  o.e.m.c.i.embedder.EclipseLogger - Using 'UTF-8' encoding to copy filtered resources.
2015-07-20 11:34:17,244 [Worker-18] INFO  o.e.m.c.i.embedder.EclipseLogger - skip non existing resourceDirectory C:\Users\ayokota\Desktop\Practice\httpRequestSender\http\src\test\resources
2015-07-20 11:34:21,489 [Worker-11] INFO  o.e.m.c.i.embedder.EclipseLogger - Using 'UTF-8' encoding to copy filtered resources.
2015-07-20 11:34:21,489 [Worker-11] INFO  o.e.m.c.i.embedder.EclipseLogger - skip non existing resourceDirectory C:\Users\ayokota\Desktop\Practice\httpRequestSender\http\src\main\resources
2015-07-20 11:34:21,490 [Worker-11] INFO  o.e.m.c.i.embedder.EclipseLogger - Using 'UTF-8' encoding to copy filtered resources.
2015-07-20 11:34:21,490 [Worker-11] INFO  o.e.m.c.i.embedder.EclipseLogger - skip non existing resourceDirectory C:\Users\ayokota\Desktop\Practice\httpRequestSender\http\src\test\resources
2015-07-20 11:34:29,094 [Worker-18] INFO  o.e.m.c.i.embedder.EclipseLogger - Using 'UTF-8' encoding to copy filtered resources.
2015-07-20 11:34:29,095 [Worker-18] INFO  o.e.m.c.i.embedder.EclipseLogger - skip non existing resourceDirectory C:\Users\ayokota\Desktop\Practice\httpRequestSender\http\src\main\resources
2015-07-20 11:34:29,096 [Worker-18] INFO  o.e.m.c.i.embedder.EclipseLogger - Using 'UTF-8' encoding to copy filtered resources.
2015-07-20 11:34:29,096 [Worker-18] INFO  o.e.m.c.i.embedder.EclipseLogger - skip non existing resourceDirectory C:\Users\ayokota\Desktop\Practice\httpRequestSender\http\src\test\resources
2015-07-20 11:37:16,519 [Worker-11] INFO  o.e.m.c.i.embedder.EclipseLogger - Using 'UTF-8' encoding to copy filtered resources.
2015-07-20 11:37:16,520 [Worker-11] INFO  o.e.m.c.i.embedder.EclipseLogger - skip non existing resourceDirectory C:\Users\ayokota\Desktop\Practice\httpRequestSender\http\src\main\resources
2015-07-20 11:37:16,522 [Worker-11] INFO  o.e.m.c.i.embedder.EclipseLogger - Using 'UTF-8' encoding to copy filtered resources.
2015-07-20 11:37:16,522 [Worker-11] INFO  o.e.m.c.i.embedder.EclipseLogger - skip non existing resourceDirectory C:\Users\ayokota\Desktop\Practice\httpRequestSender\http\src\test\resources
2015-07-20 11:37:24,887 [Worker-11] INFO  o.e.m.c.i.embedder.EclipseLogger - Using 'UTF-8' encoding to copy filtered resources.
2015-07-20 11:37:24,887 [Worker-11] INFO  o.e.m.c.i.embedder.EclipseLogger - skip non existing resourceDirectory C:\Users\ayokota\Desktop\Practice\httpRequestSender\http\src\main\resources
2015-07-20 11:37:24,890 [Worker-11] INFO  o.e.m.c.i.embedder.EclipseLogger - Using 'UTF-8' encoding to copy filtered resources.
2015-07-20 11:37:24,891 [Worker-11] INFO  o.e.m.c.i.embedder.EclipseLogger - skip non existing resourceDirectory C:\Users\ayokota\Desktop\Practice\httpRequestSender\http\src\test\resources
2015-07-20 11:37:28,851 [Worker-27] INFO  o.e.m.c.i.embedder.EclipseLogger - Using 'UTF-8' encoding to copy filtered resources.
2015-07-20 11:37:28,851 [Worker-27] INFO  o.e.m.c.i.embedder.EclipseLogger - skip non existing resourceDirectory C:\Users\ayokota\Desktop\Practice\httpRequestSender\http\src\main\resources
2015-07-20 11:37:28,852 [Worker-27] INFO  o.e.m.c.i.embedder.EclipseLogger - Using 'UTF-8' encoding to copy filtered resources.
2015-07-20 11:37:28,852 [Worker-27] INFO  o.e.m.c.i.embedder.EclipseLogger - skip non existing resourceDirectory C:\Users\ayokota\Desktop\Practice\httpRequestSender\http\src\test\resources
2015-07-20 11:37:35,934 [Worker-25] INFO  o.e.m.c.i.embedder.EclipseLogger - Using 'UTF-8' encoding to copy filtered resources.
2015-07-20 11:37:35,935 [Worker-25] INFO  o.e.m.c.i.embedder.EclipseLogger - skip non existing resourceDirectory C:\Users\ayokota\Desktop\Practice\httpRequestSender\http\src\main\resources
2015-07-20 11:37:35,938 [Worker-25] INFO  o.e.m.c.i.embedder.EclipseLogger - Using 'UTF-8' encoding to copy filtered resources.
2015-07-20 11:37:35,938 [Worker-25] INFO  o.e.m.c.i.embedder.EclipseLogger - skip non existing resourceDirectory C:\Users\ayokota\Desktop\Practice\httpRequestSender\http\src\test\resources
2015-07-20 11:37:47,062 [Worker-22] INFO  o.e.m.c.i.embedder.EclipseLogger - Using 'UTF-8' encoding to copy filtered resources.
2015-07-20 11:37:47,063 [Worker-22] INFO  o.e.m.c.i.embedder.EclipseLogger - skip non existing resourceDirectory C:\Users\ayokota\Desktop\Practice\httpRequestSender\http\src\main\resources
2015-07-20 11:37:47,065 [Worker-22] INFO  o.e.m.c.i.embedder.EclipseLogger - Using 'UTF-8' encoding to copy filtered resources.
2015-07-20 11:37:47,065 [Worker-22] INFO  o.e.m.c.i.embedder.EclipseLogger - skip non existing resourceDirectory C:\Users\ayokota\Desktop\Practice\httpRequestSender\http\src\test\resources
2015-07-20 11:38:05,983 [Worker-22] INFO  o.e.m.c.i.embedder.EclipseLogger - Using 'UTF-8' encoding to copy filtered resources.
2015-07-20 11:38:05,983 [Worker-22] INFO  o.e.m.c.i.embedder.EclipseLogger - skip non existing resourceDirectory C:\Users\ayokota\Desktop\Practice\httpRequestSender\http\src\main\resources
2015-07-20 11:38:05,985 [Worker-22] INFO  o.e.m.c.i.embedder.EclipseLogger - Using 'UTF-8' encoding to copy filtered resources.
2015-07-20 11:38:05,985 [Worker-22] INFO  o.e.m.c.i.embedder.EclipseLogger - skip non existing resourceDirectory C:\Users\ayokota\Desktop\Practice\httpRequestSender\http\src\test\resources
2015-07-20 11:38:14,090 [Worker-27] INFO  o.e.m.c.i.embedder.EclipseLogger - Using 'UTF-8' encoding to copy filtered resources.
2015-07-20 11:38:14,090 [Worker-27] INFO  o.e.m.c.i.embedder.EclipseLogger - skip non existing resourceDirectory C:\Users\ayokota\Desktop\Practice\httpRequestSender\http\src\main\resources
2015-07-20 11:38:14,092 [Worker-27] INFO  o.e.m.c.i.embedder.EclipseLogger - Using 'UTF-8' encoding to copy filtered resources.
2015-07-20 11:38:14,092 [Worker-27] INFO  o.e.m.c.i.embedder.EclipseLogger - skip non existing resourceDirectory C:\Users\ayokota\Desktop\Practice\httpRequestSender\http\src\test\resources
2015-07-20 11:38:37,549 [Worker-25] INFO  o.e.m.c.i.embedder.EclipseLogger - Using 'UTF-8' encoding to copy filtered resources.
2015-07-20 11:38:37,549 [Worker-25] INFO  o.e.m.c.i.embedder.EclipseLogger - skip non existing resourceDirectory C:\Users\ayokota\Desktop\Practice\httpRequestSender\http\src\main\resources
2015-07-20 11:38:37,550 [Worker-25] INFO  o.e.m.c.i.embedder.EclipseLogger - Using 'UTF-8' encoding to copy filtered resources.
2015-07-20 11:38:37,551 [Worker-25] INFO  o.e.m.c.i.embedder.EclipseLogger - skip non existing resourceDirectory C:\Users\ayokota\Desktop\Practice\httpRequestSender\http\src\test\resources
2015-07-20 11:38:38,661 [Worker-6] INFO  o.e.m.c.i.embedder.EclipseLogger - Using 'UTF-8' encoding to copy filtered resources.
2015-07-20 11:38:38,661 [Worker-6] INFO  o.e.m.c.i.embedder.EclipseLogger - skip non existing resourceDirectory C:\Users\ayokota\Desktop\Practice\httpRequestSender\http\src\main\resources
2015-07-20 11:38:38,663 [Worker-6] INFO  o.e.m.c.i.embedder.EclipseLogger - Using 'UTF-8' encoding to copy filtered resources.
2015-07-20 11:38:38,663 [Worker-6] INFO  o.e.m.c.i.embedder.EclipseLogger - skip non existing resourceDirectory C:\Users\ayokota\Desktop\Practice\httpRequestSender\http\src\test\resources
2015-07-20 11:38:50,052 [Worker-29] INFO  o.e.m.c.i.embedder.EclipseLogger - Using 'UTF-8' encoding to copy filtered resources.
2015-07-20 11:38:50,052 [Worker-29] INFO  o.e.m.c.i.embedder.EclipseLogger - skip non existing resourceDirectory C:\Users\ayokota\Desktop\Practice\httpRequestSender\http\src\main\resources
2015-07-20 11:38:50,054 [Worker-29] INFO  o.e.m.c.i.embedder.EclipseLogger - Using 'UTF-8' encoding to copy filtered resources.
2015-07-20 11:38:50,054 [Worker-29] INFO  o.e.m.c.i.embedder.EclipseLogger - skip non existing resourceDirectory C:\Users\ayokota\Desktop\Practice\httpRequestSender\http\src\test\resources
2015-07-20 11:38:53,571 [Worker-28] INFO  o.e.m.c.i.embedder.EclipseLogger - Using 'UTF-8' encoding to copy filtered resources.
2015-07-20 11:38:53,572 [Worker-28] INFO  o.e.m.c.i.embedder.EclipseLogger - skip non existing resourceDirectory C:\Users\ayokota\Desktop\Practice\httpRequestSender\http\src\main\resources
2015-07-20 11:38:53,573 [Worker-28] INFO  o.e.m.c.i.embedder.EclipseLogger - Using 'UTF-8' encoding to copy filtered resources.
2015-07-20 11:38:53,573 [Worker-28] INFO  o.e.m.c.i.embedder.EclipseLogger - skip non existing resourceDirectory C:\Users\ayokota\Desktop\Practice\httpRequestSender\http\src\test\resources
2015-07-20 11:39:03,689 [Worker-29] INFO  o.e.m.c.i.embedder.EclipseLogger - Using 'UTF-8' encoding to copy filtered resources.
2015-07-20 11:39:03,689 [Worker-29] INFO  o.e.m.c.i.embedder.EclipseLogger - skip non existing resourceDirectory C:\Users\ayokota\Desktop\Practice\httpRequestSender\http\src\main\resources
2015-07-20 11:39:03,691 [Worker-29] INFO  o.e.m.c.i.embedder.EclipseLogger - Using 'UTF-8' encoding to copy filtered resources.
2015-07-20 11:39:03,691 [Worker-29] INFO  o.e.m.c.i.embedder.EclipseLogger - skip non existing resourceDirectory C:\Users\ayokota\Desktop\Practice\httpRequestSender\http\src\test\resources
2015-07-20 11:39:11,010 [Worker-26] INFO  o.e.m.c.i.embedder.EclipseLogger - Using 'UTF-8' encoding to copy filtered resources.
2015-07-20 11:39:11,011 [Worker-26] INFO  o.e.m.c.i.embedder.EclipseLogger - skip non existing resourceDirectory C:\Users\ayokota\Desktop\Practice\httpRequestSender\http\src\main\resources
2015-07-20 11:39:11,013 [Worker-26] INFO  o.e.m.c.i.embedder.EclipseLogger - Using 'UTF-8' encoding to copy filtered resources.
2015-07-20 11:39:11,013 [Worker-26] INFO  o.e.m.c.i.embedder.EclipseLogger - skip non existing resourceDirectory C:\Users\ayokota\Desktop\Practice\httpRequestSender\http\src\test\resources
2015-07-20 11:42:55,322 [Worker-32] INFO  o.e.m.c.i.embedder.EclipseLogger - Using 'UTF-8' encoding to copy filtered resources.
2015-07-20 11:42:55,322 [Worker-32] INFO  o.e.m.c.i.embedder.EclipseLogger - skip non existing resourceDirectory C:\Users\ayokota\Desktop\Practice\httpRequestSender\http\src\main\resources
2015-07-20 11:42:55,324 [Worker-32] INFO  o.e.m.c.i.embedder.EclipseLogger - Using 'UTF-8' encoding to copy filtered resources.
2015-07-20 11:42:55,324 [Worker-32] INFO  o.e.m.c.i.embedder.EclipseLogger - skip non existing resourceDirectory C:\Users\ayokota\Desktop\Practice\httpRequestSender\http\src\test\resources
2015-07-20 11:44:42,285 [Worker-34] INFO  o.e.m.c.i.embedder.EclipseLogger - Using 'UTF-8' encoding to copy filtered resources.
2015-07-20 11:44:42,286 [Worker-34] INFO  o.e.m.c.i.embedder.EclipseLogger - skip non existing resourceDirectory C:\Users\ayokota\Desktop\Practice\httpRequestSender\http\src\main\resources
2015-07-20 11:44:42,289 [Worker-34] INFO  o.e.m.c.i.embedder.EclipseLogger - Using 'UTF-8' encoding to copy filtered resources.
2015-07-20 11:44:42,290 [Worker-34] INFO  o.e.m.c.i.embedder.EclipseLogger - skip non existing resourceDirectory C:\Users\ayokota\Desktop\Practice\httpRequestSender\http\src\test\resources
2015-07-20 11:45:38,780 [Worker-33] INFO  o.e.m.c.i.embedder.EclipseLogger - Using 'UTF-8' encoding to copy filtered resources.
2015-07-20 11:45:38,781 [Worker-33] INFO  o.e.m.c.i.embedder.EclipseLogger - skip non existing resourceDirectory C:\Users\ayokota\Desktop\Practice\httpRequestSender\http\src\main\resources
2015-07-20 11:45:38,783 [Worker-33] INFO  o.e.m.c.i.embedder.EclipseLogger - Using 'UTF-8' encoding to copy filtered resources.
2015-07-20 11:45:38,783 [Worker-33] INFO  o.e.m.c.i.embedder.EclipseLogger - skip non existing resourceDirectory C:\Users\ayokota\Desktop\Practice\httpRequestSender\http\src\test\resources
2015-07-20 11:46:13,937 [Worker-28] INFO  o.e.m.c.i.embedder.EclipseLogger - Using 'UTF-8' encoding to copy filtered resources.
2015-07-20 11:46:13,937 [Worker-28] INFO  o.e.m.c.i.embedder.EclipseLogger - skip non existing resourceDirectory C:\Users\ayokota\Desktop\Practice\httpRequestSender\http\src\main\resources
2015-07-20 11:46:13,940 [Worker-28] INFO  o.e.m.c.i.embedder.EclipseLogger - Using 'UTF-8' encoding to copy filtered resources.
2015-07-20 11:46:13,941 [Worker-28] INFO  o.e.m.c.i.embedder.EclipseLogger - skip non existing resourceDirectory C:\Users\ayokota\Desktop\Practice\httpRequestSender\http\src\test\resources
2015-07-20 11:46:22,618 [Worker-27] INFO  o.e.m.c.i.embedder.EclipseLogger - Using 'UTF-8' encoding to copy filtered resources.
2015-07-20 11:46:22,618 [Worker-27] INFO  o.e.m.c.i.embedder.EclipseLogger - skip non existing resourceDirectory C:\Users\ayokota\Desktop\Practice\httpRequestSender\http\src\main\resources
2015-07-20 11:46:22,619 [Worker-27] INFO  o.e.m.c.i.embedder.EclipseLogger - Using 'UTF-8' encoding to copy filtered resources.
2015-07-20 11:46:22,620 [Worker-27] INFO  o.e.m.c.i.embedder.EclipseLogger - skip non existing resourceDirectory C:\Users\ayokota\Desktop\Practice\httpRequestSender\http\src\test\resources
2015-07-20 11:47:30,771 [Worker-34] INFO  o.e.m.c.i.embedder.EclipseLogger - Using 'UTF-8' encoding to copy filtered resources.
2015-07-20 11:47:30,772 [Worker-34] INFO  o.e.m.c.i.embedder.EclipseLogger - skip non existing resourceDirectory C:\Users\ayokota\Desktop\Practice\httpRequestSender\http\src\main\resources
2015-07-20 11:47:30,775 [Worker-34] INFO  o.e.m.c.i.embedder.EclipseLogger - Using 'UTF-8' encoding to copy filtered resources.
2015-07-20 11:47:30,776 [Worker-34] INFO  o.e.m.c.i.embedder.EclipseLogger - skip non existing resourceDirectory C:\Users\ayokota\Desktop\Practice\httpRequestSender\http\src\test\resources
2015-07-20 11:47:35,767 [Worker-28] INFO  o.e.m.c.i.embedder.EclipseLogger - Using 'UTF-8' encoding to copy filtered resources.
2015-07-20 11:47:35,767 [Worker-28] INFO  o.e.m.c.i.embedder.EclipseLogger - skip non existing resourceDirectory C:\Users\ayokota\Desktop\Practice\httpRequestSender\http\src\main\resources
2015-07-20 11:47:35,769 [Worker-28] INFO  o.e.m.c.i.embedder.EclipseLogger - Using 'UTF-8' encoding to copy filtered resources.
2015-07-20 11:47:35,770 [Worker-28] INFO  o.e.m.c.i.embedder.EclipseLogger - skip non existing resourceDirectory C:\Users\ayokota\Desktop\Practice\httpRequestSender\http\src\test\resources
2015-07-20 11:48:24,173 [Worker-18] INFO  o.e.m.c.i.embedder.EclipseLogger - Using 'UTF-8' encoding to copy filtered resources.
2015-07-20 11:48:24,173 [Worker-18] INFO  o.e.m.c.i.embedder.EclipseLogger - skip non existing resourceDirectory C:\Users\ayokota\Desktop\Practice\httpRequestSender\http\src\main\resources
2015-07-20 11:48:24,174 [Worker-18] INFO  o.e.m.c.i.embedder.EclipseLogger - Using 'UTF-8' encoding to copy filtered resources.
2015-07-20 11:48:24,175 [Worker-18] INFO  o.e.m.c.i.embedder.EclipseLogger - skip non existing resourceDirectory C:\Users\ayokota\Desktop\Practice\httpRequestSender\http\src\test\resources
2015-07-20 11:49:28,099 [Worker-28] INFO  o.e.m.c.i.l.LifecycleMappingFactory - Using org.eclipse.m2e.jdt.JarLifecycleMapping lifecycle mapping for MavenProject: HttpSender:http:0.0.1-SNAPSHOT @ C:\Users\ayokota\Desktop\Practice\httpRequestSender\http\pom.xml.
2015-07-20 11:49:30,369 [Worker-28] INFO  c.n.h.c.p.n.NettyAsyncHttpProvider - Number of application's worked threads is 8
2015-07-20 11:49:32,093 [New I/O client worker #1-1] INFO  o.e.m.c.i.e.AbstractTransferListenerAdapter - Downloading http://repo.maven.apache.org/maven2/commons-codec/commons-codec/1.2/commons-codec-1.2.jar
2015-07-20 11:49:32,723 [New I/O client worker #1-1] INFO  o.e.m.c.i.e.AbstractTransferListenerAdapter - Downloaded http://repo.maven.apache.org/maven2/commons-codec/commons-codec/1.2/commons-codec-1.2.jar
2015-07-20 11:49:34,103 [Worker-28] INFO  o.e.m.c.i.embedder.EclipseLogger - Using 'UTF-8' encoding to copy filtered resources.
2015-07-20 11:49:34,103 [Worker-28] INFO  o.e.m.c.i.embedder.EclipseLogger - skip non existing resourceDirectory C:\Users\ayokota\Desktop\Practice\httpRequestSender\http\src\main\resources
2015-07-20 11:49:34,104 [Worker-28] INFO  o.e.m.c.i.embedder.EclipseLogger - Using 'UTF-8' encoding to copy filtered resources.
2015-07-20 11:49:34,105 [Worker-28] INFO  o.e.m.c.i.embedder.EclipseLogger - skip non existing resourceDirectory C:\Users\ayokota\Desktop\Practice\httpRequestSender\http\src\test\resources
2015-07-20 11:49:39,617 [Worker-36] INFO  o.e.m.c.i.embedder.EclipseLogger - Using 'UTF-8' encoding to copy filtered resources.
2015-07-20 11:49:39,617 [Worker-36] INFO  o.e.m.c.i.embedder.EclipseLogger - skip non existing resourceDirectory C:\Users\ayokota\Desktop\Practice\httpRequestSender\http\src\main\resources
2015-07-20 11:49:39,619 [Worker-36] INFO  o.e.m.c.i.embedder.EclipseLogger - Using 'UTF-8' encoding to copy filtered resources.
2015-07-20 11:49:39,619 [Worker-36] INFO  o.e.m.c.i.embedder.EclipseLogger - skip non existing resourceDirectory C:\Users\ayokota\Desktop\Practice\httpRequestSender\http\src\test\resources
2015-07-20 11:50:12,770 [Worker-36] INFO  o.e.m.i.launch.MavenLaunchDelegate - C:\Users\ayokota\Desktop\Practice\httpRequestSender\http
2015-07-20 11:50:12,771 [Worker-36] INFO  o.e.m.i.launch.MavenLaunchDelegate -  mvn  -B install
2015-07-20 11:50:20,895 [Worker-35] INFO  o.e.m.c.i.embedder.EclipseLogger - Using 'UTF-8' encoding to copy filtered resources.
2015-07-20 11:50:20,896 [Worker-35] INFO  o.e.m.c.i.embedder.EclipseLogger - skip non existing resourceDirectory C:\Users\ayokota\Desktop\Practice\httpRequestSender\http\src\main\resources
2015-07-20 11:50:20,898 [Worker-35] INFO  o.e.m.c.i.embedder.EclipseLogger - Using 'UTF-8' encoding to copy filtered resources.
2015-07-20 11:50:20,899 [Worker-35] INFO  o.e.m.c.i.embedder.EclipseLogger - skip non existing resourceDirectory C:\Users\ayokota\Desktop\Practice\httpRequestSender\http\src\test\resources
2015-07-20 11:51:54,038 [Worker-35] INFO  o.e.m.c.i.l.LifecycleMappingFactory - Using org.eclipse.m2e.jdt.JarLifecycleMapping lifecycle mapping for MavenProject: HttpSender:http:0.0.1-SNAPSHOT @ C:\Users\ayokota\Desktop\Practice\httpRequestSender\http\pom.xml.
2015-07-20 11:51:54,046 [Worker-35] INFO  c.n.h.c.p.n.NettyAsyncHttpProvider - Number of application's worked threads is 8
2015-07-20 11:51:55,099 [New I/O client worker #2-1] INFO  o.e.m.c.i.e.AbstractTransferListenerAdapter - Downloading http://repo.maven.apache.org/maven2/com/google/http-client/google-http-client/1.15.0-rc/google-http-client-1.15.0-rc.pom
2015-07-20 11:51:55,103 [New I/O client worker #2-1] INFO  o.e.m.c.i.e.AbstractTransferListenerAdapter - Downloaded http://repo.maven.apache.org/maven2/com/google/http-client/google-http-client/1.15.0-rc/google-http-client-1.15.0-rc.pom
2015-07-20 11:51:55,411 [Worker-35] INFO  c.n.h.c.p.n.NettyAsyncHttpProvider - Number of application's worked threads is 8
2015-07-20 11:51:55,488 [New I/O client worker #3-1] INFO  o.e.m.c.i.e.AbstractTransferListenerAdapter - Downloading http://repo.maven.apache.org/maven2/com/google/http-client/google-http-client-parent/1.15.0-rc/google-http-client-parent-1.15.0-rc.pom
2015-07-20 11:51:55,768 [New I/O client worker #3-1] INFO  o.e.m.c.i.e.AbstractTransferListenerAdapter - Downloaded http://repo.maven.apache.org/maven2/com/google/http-client/google-http-client-parent/1.15.0-rc/google-http-client-parent-1.15.0-rc.pom
2015-07-20 11:51:56,329 [Worker-35] INFO  c.n.h.c.p.n.NettyAsyncHttpProvider - Number of application's worked threads is 8
2015-07-20 11:51:57,019 [New I/O client worker #4-1] INFO  o.e.m.c.i.e.AbstractTransferListenerAdapter - Downloading http://repo.maven.apache.org/maven2/xpp3/xpp3/1.1.4c/xpp3-1.1.4c.pom
2015-07-20 11:51:57,028 [New I/O client worker #4-1] INFO  o.e.m.c.i.e.AbstractTransferListenerAdapter - Downloaded http://repo.maven.apache.org/maven2/xpp3/xpp3/1.1.4c/xpp3-1.1.4c.pom
2015-07-20 11:51:57,465 [Worker-35] INFO  c.n.h.c.p.n.NettyAsyncHttpProvider - Number of application's worked threads is 8
2015-07-20 11:51:57,526 [New I/O client worker #5-2] INFO  o.e.m.c.i.e.AbstractTransferListenerAdapter - Downloading http://repo.maven.apache.org/maven2/commons-codec/commons-codec/1.3/commons-codec-1.3.jar
2015-07-20 11:51:57,527 [New I/O client worker #5-1] INFO  o.e.m.c.i.e.AbstractTransferListenerAdapter - Downloading http://repo.maven.apache.org/maven2/com/google/http-client/google-http-client/1.15.0-rc/google-http-client-1.15.0-rc.jar
2015-07-20 11:51:57,557 [New I/O client worker #5-3] INFO  o.e.m.c.i.e.AbstractTransferListenerAdapter - Downloading http://repo.maven.apache.org/maven2/xpp3/xpp3/1.1.4c/xpp3-1.1.4c.jar
2015-07-20 11:51:57,673 [New I/O client worker #5-2] INFO  o.e.m.c.i.e.AbstractTransferListenerAdapter - Downloaded http://repo.maven.apache.org/maven2/commons-codec/commons-codec/1.3/commons-codec-1.3.jar
2015-07-20 11:51:57,706 [New I/O client worker #5-3] INFO  o.e.m.c.i.e.AbstractTransferListenerAdapter - Downloaded http://repo.maven.apache.org/maven2/xpp3/xpp3/1.1.4c/xpp3-1.1.4c.jar
2015-07-20 11:51:57,822 [New I/O client worker #5-1] INFO  o.e.m.c.i.e.AbstractTransferListenerAdapter - Downloaded http://repo.maven.apache.org/maven2/com/google/http-client/google-http-client/1.15.0-rc/google-http-client-1.15.0-rc.jar
2015-07-20 11:51:59,521 [Worker-35] INFO  o.e.m.c.i.embedder.EclipseLogger - Using 'UTF-8' encoding to copy filtered resources.
2015-07-20 11:51:59,521 [Worker-35] INFO  o.e.m.c.i.embedder.EclipseLogger - skip non existing resourceDirectory C:\Users\ayokota\Desktop\Practice\httpRequestSender\http\src\main\resources
2015-07-20 11:51:59,523 [Worker-35] INFO  o.e.m.c.i.embedder.EclipseLogger - Using 'UTF-8' encoding to copy filtered resources.
2015-07-20 11:51:59,523 [Worker-35] INFO  o.e.m.c.i.embedder.EclipseLogger - skip non existing resourceDirectory C:\Users\ayokota\Desktop\Practice\httpRequestSender\http\src\test\resources
2015-07-20 11:52:05,828 [Worker-35] INFO  o.e.m.c.i.embedder.EclipseLogger - Using 'UTF-8' encoding to copy filtered resources.
2015-07-20 11:52:05,829 [Worker-35] INFO  o.e.m.c.i.embedder.EclipseLogger - skip non existing resourceDirectory C:\Users\ayokota\Desktop\Practice\httpRequestSender\http\src\main\resources
2015-07-20 11:52:05,830 [Worker-35] INFO  o.e.m.c.i.embedder.EclipseLogger - Using 'UTF-8' encoding to copy filtered resources.
2015-07-20 11:52:05,831 [Worker-35] INFO  o.e.m.c.i.embedder.EclipseLogger - skip non existing resourceDirectory C:\Users\ayokota\Desktop\Practice\httpRequestSender\http\src\test\resources
2015-07-20 11:52:17,631 [Worker-18] INFO  o.e.m.c.i.embedder.EclipseLogger - Using 'UTF-8' encoding to copy filtered resources.
2015-07-20 11:52:17,631 [Worker-18] INFO  o.e.m.c.i.embedder.EclipseLogger - skip non existing resourceDirectory C:\Users\ayokota\Desktop\Practice\httpRequestSender\http\src\main\resources
2015-07-20 11:52:17,633 [Worker-18] INFO  o.e.m.c.i.embedder.EclipseLogger - Using 'UTF-8' encoding to copy filtered resources.
2015-07-20 11:52:17,634 [Worker-18] INFO  o.e.m.c.i.embedder.EclipseLogger - skip non existing resourceDirectory C:\Users\ayokota\Desktop\Practice\httpRequestSender\http\src\test\resources
2015-07-20 11:54:24,409 [Worker-32] INFO  o.e.m.c.i.l.LifecycleMappingFactory - Using org.eclipse.m2e.jdt.JarLifecycleMapping lifecycle mapping for MavenProject: HttpSender:http:0.0.1-SNAPSHOT @ C:\Users\ayokota\Desktop\Practice\httpRequestSender\http\pom.xml.
2015-07-20 11:54:24,414 [Worker-32] INFO  c.n.h.c.p.n.NettyAsyncHttpProvider - Number of application's worked threads is 8
2015-07-20 11:54:24,532 [New I/O client worker #6-1] INFO  o.e.m.c.i.e.AbstractTransferListenerAdapter - Downloading http://repo.maven.apache.org/maven2/com/google/api-client/google-api-client/1.20.0/google-api-client-1.20.0.pom
2015-07-20 11:54:24,537 [New I/O client worker #6-1] INFO  o.e.m.c.i.e.AbstractTransferListenerAdapter - Downloaded http://repo.maven.apache.org/maven2/com/google/api-client/google-api-client/1.20.0/google-api-client-1.20.0.pom
2015-07-20 11:54:24,595 [Worker-32] INFO  c.n.h.c.p.n.NettyAsyncHttpProvider - Number of application's worked threads is 8
2015-07-20 11:54:24,694 [New I/O client worker #7-1] INFO  o.e.m.c.i.e.AbstractTransferListenerAdapter - Downloading http://repo.maven.apache.org/maven2/com/google/api-client/google-api-client-parent/1.20.0/google-api-client-parent-1.20.0.pom
2015-07-20 11:54:24,734 [New I/O client worker #7-1] INFO  o.e.m.c.i.e.AbstractTransferListenerAdapter - Downloaded http://repo.maven.apache.org/maven2/com/google/api-client/google-api-client-parent/1.20.0/google-api-client-parent-1.20.0.pom
2015-07-20 11:54:25,047 [Worker-32] INFO  c.n.h.c.p.n.NettyAsyncHttpProvider - Number of application's worked threads is 8
2015-07-20 11:54:26,014 [New I/O client worker #8-1] INFO  o.e.m.c.i.e.AbstractTransferListenerAdapter - Downloading http://repo.maven.apache.org/maven2/com/google/oauth-client/google-oauth-client/1.20.0/google-oauth-client-1.20.0.pom
2015-07-20 11:54:26,017 [New I/O client worker #8-1] INFO  o.e.m.c.i.e.AbstractTransferListenerAdapter - Downloaded http://repo.maven.apache.org/maven2/com/google/oauth-client/google-oauth-client/1.20.0/google-oauth-client-1.20.0.pom
2015-07-20 11:54:26,182 [Worker-32] INFO  c.n.h.c.p.n.NettyAsyncHttpProvider - Number of application's worked threads is 8
2015-07-20 11:54:26,666 [New I/O client worker #9-1] INFO  o.e.m.c.i.e.AbstractTransferListenerAdapter - Downloading http://repo.maven.apache.org/maven2/com/google/oauth-client/google-oauth-client-parent/1.20.0/google-oauth-client-parent-1.20.0.pom
2015-07-20 11:54:26,887 [New I/O client worker #9-1] INFO  o.e.m.c.i.e.AbstractTransferListenerAdapter - Downloaded http://repo.maven.apache.org/maven2/com/google/oauth-client/google-oauth-client-parent/1.20.0/google-oauth-client-parent-1.20.0.pom
2015-07-20 11:54:27,067 [Worker-32] INFO  c.n.h.c.p.n.NettyAsyncHttpProvider - Number of application's worked threads is 8
2015-07-20 11:54:28,015 [New I/O client worker #10-1] INFO  o.e.m.c.i.e.AbstractTransferListenerAdapter - Downloading http://repo.maven.apache.org/maven2/com/google/http-client/google-http-client/1.20.0/google-http-client-1.20.0.pom
2015-07-20 11:54:28,026 [New I/O client worker #10-1] INFO  o.e.m.c.i.e.AbstractTransferListenerAdapter - Downloaded http://repo.maven.apache.org/maven2/com/google/http-client/google-http-client/1.20.0/google-http-client-1.20.0.pom
2015-07-20 11:54:28,801 [Worker-32] INFO  c.n.h.c.p.n.NettyAsyncHttpProvider - Number of application's worked threads is 8
2015-07-20 11:54:29,072 [New I/O client worker #11-1] INFO  o.e.m.c.i.e.AbstractTransferListenerAdapter - Downloading http://repo.maven.apache.org/maven2/com/google/http-client/google-http-client-parent/1.20.0/google-http-client-parent-1.20.0.pom
2015-07-20 11:54:29,481 [New I/O client worker #11-1] INFO  o.e.m.c.i.e.AbstractTransferListenerAdapter - Downloaded http://repo.maven.apache.org/maven2/com/google/http-client/google-http-client-parent/1.20.0/google-http-client-parent-1.20.0.pom
2015-07-20 11:54:30,126 [Worker-32] INFO  c.n.h.c.p.n.NettyAsyncHttpProvider - Number of application's worked threads is 8
2015-07-20 11:54:30,538 [New I/O client worker #12-1] INFO  o.e.m.c.i.e.AbstractTransferListenerAdapter - Downloading http://repo.maven.apache.org/maven2/com/google/http-client/google-http-client-jackson2/1.20.0/google-http-client-jackson2-1.20.0.pom
2015-07-20 11:54:30,545 [New I/O client worker #12-1] INFO  o.e.m.c.i.e.AbstractTransferListenerAdapter - Downloaded http://repo.maven.apache.org/maven2/com/google/http-client/google-http-client-jackson2/1.20.0/google-http-client-jackson2-1.20.0.pom
2015-07-20 11:54:31,062 [Worker-32] INFO  c.n.h.c.p.n.NettyAsyncHttpProvider - Number of application's worked threads is 8
2015-07-20 11:54:32,014 [New I/O client worker #13-1] INFO  o.e.m.c.i.e.AbstractTransferListenerAdapter - Downloading http://repo.maven.apache.org/maven2/com/fasterxml/jackson/core/jackson-core/2.1.3/jackson-core-2.1.3.pom
2015-07-20 11:54:32,025 [New I/O client worker #13-1] INFO  o.e.m.c.i.e.AbstractTransferListenerAdapter - Downloaded http://repo.maven.apache.org/maven2/com/fasterxml/jackson/core/jackson-core/2.1.3/jackson-core-2.1.3.pom
2015-07-20 11:54:32,811 [Worker-32] INFO  c.n.h.c.p.n.NettyAsyncHttpProvider - Number of application's worked threads is 8
2015-07-20 11:54:33,315 [New I/O client worker #14-1] INFO  o.e.m.c.i.e.AbstractTransferListenerAdapter - Downloading http://repo.maven.apache.org/maven2/com/google/guava/guava-jdk5/13.0/guava-jdk5-13.0.pom
2015-07-20 11:54:33,319 [New I/O client worker #14-1] INFO  o.e.m.c.i.e.AbstractTransferListenerAdapter - Downloaded http://repo.maven.apache.org/maven2/com/google/guava/guava-jdk5/13.0/guava-jdk5-13.0.pom
2015-07-20 11:54:33,835 [Worker-32] INFO  c.n.h.c.p.n.NettyAsyncHttpProvider - Number of application's worked threads is 8
2015-07-20 11:54:34,522 [New I/O client worker #15-1] INFO  o.e.m.c.i.e.AbstractTransferListenerAdapter - Downloading http://repo.maven.apache.org/maven2/com/google/guava/guava-parent-jdk5/13.0/guava-parent-jdk5-13.0.pom
2015-07-20 11:54:34,531 [New I/O client worker #15-1] INFO  o.e.m.c.i.e.AbstractTransferListenerAdapter - Downloaded http://repo.maven.apache.org/maven2/com/google/guava/guava-parent-jdk5/13.0/guava-parent-jdk5-13.0.pom
2015-07-20 11:54:35,078 [Worker-32] INFO  c.n.h.c.p.n.NettyAsyncHttpProvider - Number of application's worked threads is 8
2015-07-20 11:54:35,137 [New I/O client worker #16-1] INFO  o.e.m.c.i.e.AbstractTransferListenerAdapter - Downloading http://repo.maven.apache.org/maven2/com/google/api-client/google-api-client/1.20.0/google-api-client-1.20.0.jar
2015-07-20 11:54:35,139 [New I/O client worker #16-2] INFO  o.e.m.c.i.e.AbstractTransferListenerAdapter - Downloading http://repo.maven.apache.org/maven2/com/google/oauth-client/google-oauth-client/1.20.0/google-oauth-client-1.20.0.jar
2015-07-20 11:54:35,145 [New I/O client worker #16-5] INFO  o.e.m.c.i.e.AbstractTransferListenerAdapter - Downloading http://repo.maven.apache.org/maven2/com/fasterxml/jackson/core/jackson-core/2.1.3/jackson-core-2.1.3.jar
2015-07-20 11:54:35,147 [New I/O client worker #16-6] INFO  o.e.m.c.i.e.AbstractTransferListenerAdapter - Downloading http://repo.maven.apache.org/maven2/com/google/guava/guava-jdk5/13.0/guava-jdk5-13.0.jar
2015-07-20 11:54:35,149 [New I/O client worker #16-3] INFO  o.e.m.c.i.e.AbstractTransferListenerAdapter - Downloading http://repo.maven.apache.org/maven2/com/google/http-client/google-http-client/1.20.0/google-http-client-1.20.0.jar
2015-07-20 11:54:35,205 [New I/O client worker #16-4] INFO  o.e.m.c.i.e.AbstractTransferListenerAdapter - Downloading http://repo.maven.apache.org/maven2/com/google/http-client/google-http-client-jackson2/1.20.0/google-http-client-jackson2-1.20.0.jar
2015-07-20 11:54:35,212 [New I/O client worker #16-4] INFO  o.e.m.c.i.e.AbstractTransferListenerAdapter - Downloaded http://repo.maven.apache.org/maven2/com/google/http-client/google-http-client-jackson2/1.20.0/google-http-client-jackson2-1.20.0.jar
2015-07-20 11:54:35,246 [New I/O client worker #16-2] INFO  o.e.m.c.i.e.AbstractTransferListenerAdapter - Downloaded http://repo.maven.apache.org/maven2/com/google/oauth-client/google-oauth-client/1.20.0/google-oauth-client-1.20.0.jar
2015-07-20 11:54:35,336 [New I/O client worker #16-1] INFO  o.e.m.c.i.e.AbstractTransferListenerAdapter - Downloaded http://repo.maven.apache.org/maven2/com/google/api-client/google-api-client/1.20.0/google-api-client-1.20.0.jar
2015-07-20 11:54:35,380 [New I/O client worker #16-5] INFO  o.e.m.c.i.e.AbstractTransferListenerAdapter - Downloaded http://repo.maven.apache.org/maven2/com/fasterxml/jackson/core/jackson-core/2.1.3/jackson-core-2.1.3.jar
2015-07-20 11:54:35,491 [New I/O client worker #16-3] INFO  o.e.m.c.i.e.AbstractTransferListenerAdapter - Downloaded http://repo.maven.apache.org/maven2/com/google/http-client/google-http-client/1.20.0/google-http-client-1.20.0.jar
2015-07-20 11:54:35,953 [New I/O client worker #16-6] INFO  o.e.m.c.i.e.AbstractTransferListenerAdapter - Downloaded http://repo.maven.apache.org/maven2/com/google/guava/guava-jdk5/13.0/guava-jdk5-13.0.jar
2015-07-20 11:54:38,570 [Worker-32] INFO  o.e.m.c.i.embedder.EclipseLogger - Using 'UTF-8' encoding to copy filtered resources.
2015-07-20 11:54:38,570 [Worker-32] INFO  o.e.m.c.i.embedder.EclipseLogger - skip non existing resourceDirectory C:\Users\ayokota\Desktop\Practice\httpRequestSender\http\src\main\resources
2015-07-20 11:54:38,572 [Worker-32] INFO  o.e.m.c.i.embedder.EclipseLogger - Using 'UTF-8' encoding to copy filtered resources.
2015-07-20 11:54:38,572 [Worker-32] INFO  o.e.m.c.i.embedder.EclipseLogger - skip non existing resourceDirectory C:\Users\ayokota\Desktop\Practice\httpRequestSender\http\src\test\resources
2015-07-20 11:54:38,703 [Worker-35] INFO  o.e.m.i.launch.MavenLaunchDelegate - C:\Users\ayokota\Desktop\Practice\httpRequestSender\http
2015-07-20 11:54:38,703 [Worker-35] INFO  o.e.m.i.launch.MavenLaunchDelegate -  mvn  -B install
2015-07-20 11:54:39,879 [Worker-28] INFO  o.e.m.c.i.embedder.EclipseLogger - Using 'UTF-8' encoding to copy filtered resources.
2015-07-20 11:54:39,879 [Worker-28] INFO  o.e.m.c.i.embedder.EclipseLogger - skip non existing resourceDirectory C:\Users\ayokota\Desktop\Practice\httpRequestSender\http\src\main\resources
2015-07-20 11:54:39,881 [Worker-28] INFO  o.e.m.c.i.embedder.EclipseLogger - Using 'UTF-8' encoding to copy filtered resources.
2015-07-20 11:54:39,881 [Worker-28] INFO  o.e.m.c.i.embedder.EclipseLogger - skip non existing resourceDirectory C:\Users\ayokota\Desktop\Practice\httpRequestSender\http\src\test\resources
2015-07-20 11:54:44,283 [Worker-28] INFO  o.e.m.c.i.embedder.EclipseLogger - Using 'UTF-8' encoding to copy filtered resources.
2015-07-20 11:54:44,284 [Worker-28] INFO  o.e.m.c.i.embedder.EclipseLogger - skip non existing resourceDirectory C:\Users\ayokota\Desktop\Practice\httpRequestSender\http\src\main\resources
2015-07-20 11:54:44,286 [Worker-28] INFO  o.e.m.c.i.embedder.EclipseLogger - Using 'UTF-8' encoding to copy filtered resources.
2015-07-20 11:54:44,286 [Worker-28] INFO  o.e.m.c.i.embedder.EclipseLogger - skip non existing resourceDirectory C:\Users\ayokota\Desktop\Practice\httpRequestSender\http\src\test\resources
2015-07-20 11:54:57,839 [Worker-18] INFO  o.e.m.c.i.embedder.EclipseLogger - Using 'UTF-8' encoding to copy filtered resources.
2015-07-20 11:54:57,840 [Worker-18] INFO  o.e.m.c.i.embedder.EclipseLogger - skip non existing resourceDirectory C:\Users\ayokota\Desktop\Practice\httpRequestSender\http\src\main\resources
2015-07-20 11:54:57,841 [Worker-18] INFO  o.e.m.c.i.embedder.EclipseLogger - Using 'UTF-8' encoding to copy filtered resources.
2015-07-20 11:54:57,842 [Worker-18] INFO  o.e.m.c.i.embedder.EclipseLogger - skip non existing resourceDirectory C:\Users\ayokota\Desktop\Practice\httpRequestSender\http\src\test\resources
2015-07-20 11:56:18,915 [Worker-37] INFO  o.e.m.c.i.embedder.EclipseLogger - Using 'UTF-8' encoding to copy filtered resources.
2015-07-20 11:56:18,915 [Worker-37] INFO  o.e.m.c.i.embedder.EclipseLogger - skip non existing resourceDirectory C:\Users\ayokota\Desktop\Practice\httpRequestSender\http\src\main\resources
2015-07-20 11:56:18,917 [Worker-37] INFO  o.e.m.c.i.embedder.EclipseLogger - Using 'UTF-8' encoding to copy filtered resources.
2015-07-20 11:56:18,917 [Worker-37] INFO  o.e.m.c.i.embedder.EclipseLogger - skip non existing resourceDirectory C:\Users\ayokota\Desktop\Practice\httpRequestSender\http\src\test\resources
2015-07-20 11:56:52,460 [Worker-28] INFO  o.e.m.c.i.embedder.EclipseLogger - Using 'UTF-8' encoding to copy filtered resources.
2015-07-20 11:56:52,461 [Worker-28] INFO  o.e.m.c.i.embedder.EclipseLogger - skip non existing resourceDirectory C:\Users\ayokota\Desktop\Practice\httpRequestSender\http\src\main\resources
2015-07-20 11:56:52,463 [Worker-28] INFO  o.e.m.c.i.embedder.EclipseLogger - Using 'UTF-8' encoding to copy filtered resources.
2015-07-20 11:56:52,464 [Worker-28] INFO  o.e.m.c.i.embedder.EclipseLogger - skip non existing resourceDirectory C:\Users\ayokota\Desktop\Practice\httpRequestSender\http\src\test\resources
2015-07-20 11:57:10,667 [Worker-35] INFO  o.e.m.i.launch.MavenLaunchDelegate - C:\Users\ayokota\Desktop\Practice\httpRequestSender\http
2015-07-20 11:57:10,667 [Worker-35] INFO  o.e.m.i.launch.MavenLaunchDelegate -  mvn  -B clean
2015-07-20 11:57:12,768 [Worker-32] INFO  o.e.m.c.i.embedder.EclipseLogger - Using 'UTF-8' encoding to copy filtered resources.
2015-07-20 11:57:12,769 [Worker-32] INFO  o.e.m.c.i.embedder.EclipseLogger - skip non existing resourceDirectory C:\Users\ayokota\Desktop\Practice\httpRequestSender\http\src\main\resources
2015-07-20 11:57:12,771 [Worker-32] INFO  o.e.m.c.i.embedder.EclipseLogger - Using 'UTF-8' encoding to copy filtered resources.
2015-07-20 11:57:12,771 [Worker-32] INFO  o.e.m.c.i.embedder.EclipseLogger - skip non existing resourceDirectory C:\Users\ayokota\Desktop\Practice\httpRequestSender\http\src\test\resources
2015-07-20 11:57:17,035 [Worker-34] INFO  o.e.m.i.launch.MavenLaunchDelegate - C:\Users\ayokota\Desktop\Practice\httpRequestSender\http
2015-07-20 11:57:17,035 [Worker-34] INFO  o.e.m.i.launch.MavenLaunchDelegate -  mvn  -B install
2015-07-20 11:58:29,062 [Worker-37] INFO  o.e.m.c.i.embedder.EclipseLogger - Using 'UTF-8' encoding to copy filtered resources.
2015-07-20 11:58:29,063 [Worker-37] INFO  o.e.m.c.i.embedder.EclipseLogger - skip non existing resourceDirectory C:\Users\ayokota\Desktop\Practice\httpRequestSender\http\src\main\resources
2015-07-20 11:58:29,064 [Worker-37] INFO  o.e.m.c.i.embedder.EclipseLogger - Using 'UTF-8' encoding to copy filtered resources.
2015-07-20 11:58:29,065 [Worker-37] INFO  o.e.m.c.i.embedder.EclipseLogger - skip non existing resourceDirectory C:\Users\ayokota\Desktop\Practice\httpRequestSender\http\src\test\resources
2015-07-20 11:58:48,487 [Worker-34] INFO  o.e.m.i.launch.MavenLaunchDelegate - C:\Users\ayokota\Desktop\Practice\httpRequestSender\http
2015-07-20 11:58:48,488 [Worker-34] INFO  o.e.m.i.launch.MavenLaunchDelegate -  mvn  -B install
2015-07-20 11:58:52,818 [Worker-32] INFO  o.e.m.c.i.embedder.EclipseLogger - Using 'UTF-8' encoding to copy filtered resources.
2015-07-20 11:58:52,818 [Worker-32] INFO  o.e.m.c.i.embedder.EclipseLogger - skip non existing resourceDirectory C:\Users\ayokota\Desktop\Practice\httpRequestSender\http\src\main\resources
2015-07-20 11:58:52,822 [Worker-32] INFO  o.e.m.c.i.embedder.EclipseLogger - Using 'UTF-8' encoding to copy filtered resources.
2015-07-20 11:58:52,823 [Worker-32] INFO  o.e.m.c.i.embedder.EclipseLogger - skip non existing resourceDirectory C:\Users\ayokota\Desktop\Practice\httpRequestSender\http\src\test\resources
2015-07-20 11:58:57,832 [Worker-26] INFO  o.e.m.i.launch.MavenLaunchDelegate - C:\Users\ayokota\Desktop\Practice\httpRequestSender\http
2015-07-20 11:58:57,833 [Worker-26] INFO  o.e.m.i.launch.MavenLaunchDelegate -  mvn  -B install
2015-07-20 11:59:01,477 [Worker-30] INFO  o.e.m.c.i.embedder.EclipseLogger - Using 'UTF-8' encoding to copy filtered resources.
2015-07-20 11:59:01,478 [Worker-30] INFO  o.e.m.c.i.embedder.EclipseLogger - skip non existing resourceDirectory C:\Users\ayokota\Desktop\Practice\httpRequestSender\http\src\main\resources
2015-07-20 11:59:01,479 [Worker-30] INFO  o.e.m.c.i.embedder.EclipseLogger - Using 'UTF-8' encoding to copy filtered resources.
2015-07-20 11:59:01,480 [Worker-30] INFO  o.e.m.c.i.embedder.EclipseLogger - skip non existing resourceDirectory C:\Users\ayokota\Desktop\Practice\httpRequestSender\http\src\test\resources
2015-07-20 12:00:16,082 [Worker-32] INFO  o.e.m.c.i.embedder.EclipseLogger - Using 'UTF-8' encoding to copy filtered resources.
2015-07-20 12:00:16,082 [Worker-32] INFO  o.e.m.c.i.embedder.EclipseLogger - skip non existing resourceDirectory C:\Users\ayokota\Desktop\Practice\httpRequestSender\http\src\main\resources
2015-07-20 12:00:16,083 [Worker-32] INFO  o.e.m.c.i.embedder.EclipseLogger - Using 'UTF-8' encoding to copy filtered resources.
2015-07-20 12:00:16,083 [Worker-32] INFO  o.e.m.c.i.embedder.EclipseLogger - skip non existing resourceDirectory C:\Users\ayokota\Desktop\Practice\httpRequestSender\http\src\test\resources
2015-07-20 12:00:23,791 [Worker-37] INFO  o.e.m.c.i.embedder.EclipseLogger - Using 'UTF-8' encoding to copy filtered resources.
2015-07-20 12:00:23,792 [Worker-37] INFO  o.e.m.c.i.embedder.EclipseLogger - skip non existing resourceDirectory C:\Users\ayokota\Desktop\Practice\httpRequestSender\http\src\main\resources
2015-07-20 12:00:23,793 [Worker-37] INFO  o.e.m.c.i.embedder.EclipseLogger - Using 'UTF-8' encoding to copy filtered resources.
2015-07-20 12:00:23,793 [Worker-37] INFO  o.e.m.c.i.embedder.EclipseLogger - skip non existing resourceDirectory C:\Users\ayokota\Desktop\Practice\httpRequestSender\http\src\test\resources
2015-07-20 12:00:32,163 [Worker-26] INFO  o.e.m.c.i.embedder.EclipseLogger - Using 'UTF-8' encoding to copy filtered resources.
2015-07-20 12:00:32,164 [Worker-26] INFO  o.e.m.c.i.embedder.EclipseLogger - skip non existing resourceDirectory C:\Users\ayokota\Desktop\Practice\httpRequestSender\http\src\main\resources
2015-07-20 12:00:32,166 [Worker-26] INFO  o.e.m.c.i.embedder.EclipseLogger - Using 'UTF-8' encoding to copy filtered resources.
2015-07-20 12:00:32,167 [Worker-26] INFO  o.e.m.c.i.embedder.EclipseLogger - skip non existing resourceDirectory C:\Users\ayokota\Desktop\Practice\httpRequestSender\http\src\test\resources
2015-07-20 12:00:59,812 [Worker-32] INFO  o.e.m.c.i.embedder.EclipseLogger - Using 'UTF-8' encoding to copy filtered resources.
2015-07-20 12:00:59,812 [Worker-32] INFO  o.e.m.c.i.embedder.EclipseLogger - skip non existing resourceDirectory C:\Users\ayokota\Desktop\Practice\httpRequestSender\http\src\main\resources
2015-07-20 12:00:59,813 [Worker-32] INFO  o.e.m.c.i.embedder.EclipseLogger - Using 'UTF-8' encoding to copy filtered resources.
2015-07-20 12:00:59,813 [Worker-32] INFO  o.e.m.c.i.embedder.EclipseLogger - skip non existing resourceDirectory C:\Users\ayokota\Desktop\Practice\httpRequestSender\http\src\test\resources
2015-07-20 12:01:10,967 [Worker-30] INFO  o.e.m.c.i.embedder.EclipseLogger - Using 'UTF-8' encoding to copy filtered resources.
2015-07-20 12:01:10,967 [Worker-30] INFO  o.e.m.c.i.embedder.EclipseLogger - skip non existing resourceDirectory C:\Users\ayokota\Desktop\Practice\httpRequestSender\http\src\main\resources
2015-07-20 12:01:10,969 [Worker-30] INFO  o.e.m.c.i.embedder.EclipseLogger - Using 'UTF-8' encoding to copy filtered resources.
2015-07-20 12:01:10,971 [Worker-30] INFO  o.e.m.c.i.embedder.EclipseLogger - skip non existing resourceDirectory C:\Users\ayokota\Desktop\Practice\httpRequestSender\http\src\test\resources
2015-07-20 12:01:22,931 [Worker-35] INFO  o.e.m.c.i.embedder.EclipseLogger - Using 'UTF-8' encoding to copy filtered resources.
2015-07-20 12:01:22,931 [Worker-35] INFO  o.e.m.c.i.embedder.EclipseLogger - skip non existing resourceDirectory C:\Users\ayokota\Desktop\Practice\httpRequestSender\http\src\main\resources
2015-07-20 12:01:22,932 [Worker-35] INFO  o.e.m.c.i.embedder.EclipseLogger - Using 'UTF-8' encoding to copy filtered resources.
2015-07-20 12:01:22,932 [Worker-35] INFO  o.e.m.c.i.embedder.EclipseLogger - skip non existing resourceDirectory C:\Users\ayokota\Desktop\Practice\httpRequestSender\http\src\test\resources
2015-07-20 12:03:16,752 [Worker-37] INFO  o.e.m.c.i.embedder.EclipseLogger - Using 'UTF-8' encoding to copy filtered resources.
2015-07-20 12:03:16,752 [Worker-37] INFO  o.e.m.c.i.embedder.EclipseLogger - skip non existing resourceDirectory C:\Users\ayokota\Desktop\Practice\httpRequestSender\http\src\main\resources
2015-07-20 12:03:16,753 [Worker-37] INFO  o.e.m.c.i.embedder.EclipseLogger - Using 'UTF-8' encoding to copy filtered resources.
2015-07-20 12:03:16,754 [Worker-37] INFO  o.e.m.c.i.embedder.EclipseLogger - skip non existing resourceDirectory C:\Users\ayokota\Desktop\Practice\httpRequestSender\http\src\test\resources
2015-07-20 12:03:20,195 [Worker-26] INFO  o.e.m.c.i.embedder.EclipseLogger - Using 'UTF-8' encoding to copy filtered resources.
2015-07-20 12:03:20,196 [Worker-26] INFO  o.e.m.c.i.embedder.EclipseLogger - skip non existing resourceDirectory C:\Users\ayokota\Desktop\Practice\httpRequestSender\http\src\main\resources
2015-07-20 12:03:20,197 [Worker-26] INFO  o.e.m.c.i.embedder.EclipseLogger - Using 'UTF-8' encoding to copy filtered resources.
2015-07-20 12:03:20,197 [Worker-26] INFO  o.e.m.c.i.embedder.EclipseLogger - skip non existing resourceDirectory C:\Users\ayokota\Desktop\Practice\httpRequestSender\http\src\test\resources
2015-07-20 12:03:23,293 [Worker-32] INFO  o.e.m.c.i.embedder.EclipseLogger - Using 'UTF-8' encoding to copy filtered resources.
2015-07-20 12:03:23,294 [Worker-32] INFO  o.e.m.c.i.embedder.EclipseLogger - skip non existing resourceDirectory C:\Users\ayokota\Desktop\Practice\httpRequestSender\http\src\main\resources
2015-07-20 12:03:23,295 [Worker-32] INFO  o.e.m.c.i.embedder.EclipseLogger - Using 'UTF-8' encoding to copy filtered resources.
2015-07-20 12:03:23,295 [Worker-32] INFO  o.e.m.c.i.embedder.EclipseLogger - skip non existing resourceDirectory C:\Users\ayokota\Desktop\Practice\httpRequestSender\http\src\test\resources
2015-07-20 12:04:48,688 [Worker-33] INFO  o.e.m.c.i.embedder.EclipseLogger - Using 'UTF-8' encoding to copy filtered resources.
2015-07-20 12:04:48,689 [Worker-33] INFO  o.e.m.c.i.embedder.EclipseLogger - skip non existing resourceDirectory C:\Users\ayokota\Desktop\Practice\httpRequestSender\http\src\main\resources
2015-07-20 12:04:48,690 [Worker-33] INFO  o.e.m.c.i.embedder.EclipseLogger - Using 'UTF-8' encoding to copy filtered resources.
2015-07-20 12:04:48,690 [Worker-33] INFO  o.e.m.c.i.embedder.EclipseLogger - skip non existing resourceDirectory C:\Users\ayokota\Desktop\Practice\httpRequestSender\http\src\test\resources
2015-07-20 12:04:56,425 [Worker-39] INFO  o.e.m.c.i.embedder.EclipseLogger - Using 'UTF-8' encoding to copy filtered resources.
2015-07-20 12:04:56,425 [Worker-39] INFO  o.e.m.c.i.embedder.EclipseLogger - skip non existing resourceDirectory C:\Users\ayokota\Desktop\Practice\httpRequestSender\http\src\main\resources
2015-07-20 12:04:56,426 [Worker-39] INFO  o.e.m.c.i.embedder.EclipseLogger - Using 'UTF-8' encoding to copy filtered resources.
2015-07-20 12:04:56,426 [Worker-39] INFO  o.e.m.c.i.embedder.EclipseLogger - skip non existing resourceDirectory C:\Users\ayokota\Desktop\Practice\httpRequestSender\http\src\test\resources
2015-07-20 12:05:41,489 [Worker-43] INFO  o.e.m.c.i.embedder.EclipseLogger - Using 'UTF-8' encoding to copy filtered resources.
2015-07-20 12:05:41,490 [Worker-43] INFO  o.e.m.c.i.embedder.EclipseLogger - skip non existing resourceDirectory C:\Users\ayokota\Desktop\Practice\httpRequestSender\http\src\main\resources
2015-07-20 12:05:41,491 [Worker-43] INFO  o.e.m.c.i.embedder.EclipseLogger - Using 'UTF-8' encoding to copy filtered resources.
2015-07-20 12:05:41,491 [Worker-43] INFO  o.e.m.c.i.embedder.EclipseLogger - skip non existing resourceDirectory C:\Users\ayokota\Desktop\Practice\httpRequestSender\http\src\test\resources
2015-07-20 12:05:46,495 [Worker-26] INFO  o.e.m.c.i.embedder.EclipseLogger - Using 'UTF-8' encoding to copy filtered resources.
2015-07-20 12:05:46,495 [Worker-26] INFO  o.e.m.c.i.embedder.EclipseLogger - skip non existing resourceDirectory C:\Users\ayokota\Desktop\Practice\httpRequestSender\http\src\main\resources
2015-07-20 12:05:46,496 [Worker-26] INFO  o.e.m.c.i.embedder.EclipseLogger - Using 'UTF-8' encoding to copy filtered resources.
2015-07-20 12:05:46,496 [Worker-26] INFO  o.e.m.c.i.embedder.EclipseLogger - skip non existing resourceDirectory C:\Users\ayokota\Desktop\Practice\httpRequestSender\http\src\test\resources
2015-07-20 12:05:48,643 [Worker-43] INFO  o.e.m.c.i.embedder.EclipseLogger - Using 'UTF-8' encoding to copy filtered resources.
2015-07-20 12:05:48,644 [Worker-43] INFO  o.e.m.c.i.embedder.EclipseLogger - skip non existing resourceDirectory C:\Users\ayokota\Desktop\Practice\httpRequestSender\http\src\main\resources
2015-07-20 12:05:48,645 [Worker-43] INFO  o.e.m.c.i.embedder.EclipseLogger - Using 'UTF-8' encoding to copy filtered resources.
2015-07-20 12:05:48,645 [Worker-43] INFO  o.e.m.c.i.embedder.EclipseLogger - skip non existing resourceDirectory C:\Users\ayokota\Desktop\Practice\httpRequestSender\http\src\test\resources
2015-07-20 12:05:59,179 [Worker-43] INFO  o.e.m.c.i.embedder.EclipseLogger - Using 'UTF-8' encoding to copy filtered resources.
2015-07-20 12:05:59,179 [Worker-43] INFO  o.e.m.c.i.embedder.EclipseLogger - skip non existing resourceDirectory C:\Users\ayokota\Desktop\Practice\httpRequestSender\http\src\main\resources
2015-07-20 12:05:59,182 [Worker-43] INFO  o.e.m.c.i.embedder.EclipseLogger - Using 'UTF-8' encoding to copy filtered resources.
2015-07-20 12:05:59,183 [Worker-43] INFO  o.e.m.c.i.embedder.EclipseLogger - skip non existing resourceDirectory C:\Users\ayokota\Desktop\Practice\httpRequestSender\http\src\test\resources
2015-07-20 12:06:09,264 [Worker-43] INFO  o.e.m.c.i.embedder.EclipseLogger - Using 'UTF-8' encoding to copy filtered resources.
2015-07-20 12:06:09,265 [Worker-43] INFO  o.e.m.c.i.embedder.EclipseLogger - skip non existing resourceDirectory C:\Users\ayokota\Desktop\Practice\httpRequestSender\http\src\main\resources
2015-07-20 12:06:09,266 [Worker-43] INFO  o.e.m.c.i.embedder.EclipseLogger - Using 'UTF-8' encoding to copy filtered resources.
2015-07-20 12:06:09,266 [Worker-43] INFO  o.e.m.c.i.embedder.EclipseLogger - skip non existing resourceDirectory C:\Users\ayokota\Desktop\Practice\httpRequestSender\http\src\test\resources
2015-07-20 12:06:13,372 [Worker-44] INFO  o.e.m.c.i.embedder.EclipseLogger - Using 'UTF-8' encoding to copy filtered resources.
2015-07-20 12:06:13,372 [Worker-44] INFO  o.e.m.c.i.embedder.EclipseLogger - skip non existing resourceDirectory C:\Users\ayokota\Desktop\Practice\httpRequestSender\http\src\main\resources
2015-07-20 12:06:13,374 [Worker-44] INFO  o.e.m.c.i.embedder.EclipseLogger - Using 'UTF-8' encoding to copy filtered resources.
2015-07-20 12:06:13,375 [Worker-44] INFO  o.e.m.c.i.embedder.EclipseLogger - skip non existing resourceDirectory C:\Users\ayokota\Desktop\Practice\httpRequestSender\http\src\test\resources
2015-07-20 12:49:34,935 [Worker-33] INFO  o.e.m.c.i.embedder.EclipseLogger - Using 'UTF-8' encoding to copy filtered resources.
2015-07-20 12:49:34,936 [Worker-33] INFO  o.e.m.c.i.embedder.EclipseLogger - skip non existing resourceDirectory C:\Users\ayokota\Desktop\Practice\httpRequestSender\http\src\main\resources
2015-07-20 12:49:34,937 [Worker-33] INFO  o.e.m.c.i.embedder.EclipseLogger - Using 'UTF-8' encoding to copy filtered resources.
2015-07-20 12:49:34,937 [Worker-33] INFO  o.e.m.c.i.embedder.EclipseLogger - skip non existing resourceDirectory C:\Users\ayokota\Desktop\Practice\httpRequestSender\http\src\test\resources
2015-07-20 12:50:09,408 [Worker-47] INFO  o.e.m.c.i.embedder.EclipseLogger - Using 'UTF-8' encoding to copy filtered resources.
2015-07-20 12:50:09,409 [Worker-47] INFO  o.e.m.c.i.embedder.EclipseLogger - skip non existing resourceDirectory C:\Users\ayokota\Desktop\Practice\httpRequestSender\http\src\main\resources
2015-07-20 12:50:09,410 [Worker-47] INFO  o.e.m.c.i.embedder.EclipseLogger - Using 'UTF-8' encoding to copy filtered resources.
2015-07-20 12:50:09,410 [Worker-47] INFO  o.e.m.c.i.embedder.EclipseLogger - skip non existing resourceDirectory C:\Users\ayokota\Desktop\Practice\httpRequestSender\http\src\test\resources
2015-07-20 12:50:25,825 [Worker-51] INFO  o.e.m.c.i.embedder.EclipseLogger - Using 'UTF-8' encoding to copy filtered resources.
2015-07-20 12:50:25,825 [Worker-51] INFO  o.e.m.c.i.embedder.EclipseLogger - skip non existing resourceDirectory C:\Users\ayokota\Desktop\Practice\httpRequestSender\http\src\main\resources
2015-07-20 12:50:25,827 [Worker-51] INFO  o.e.m.c.i.embedder.EclipseLogger - Using 'UTF-8' encoding to copy filtered resources.
2015-07-20 12:50:25,827 [Worker-51] INFO  o.e.m.c.i.embedder.EclipseLogger - skip non existing resourceDirectory C:\Users\ayokota\Desktop\Practice\httpRequestSender\http\src\test\resources
2015-07-20 12:51:30,429 [Worker-44] INFO  o.e.m.c.i.embedder.EclipseLogger - Using 'UTF-8' encoding to copy filtered resources.
2015-07-20 12:51:30,430 [Worker-44] INFO  o.e.m.c.i.embedder.EclipseLogger - skip non existing resourceDirectory C:\Users\ayokota\Desktop\Practice\httpRequestSender\http\src\main\resources
2015-07-20 12:51:30,432 [Worker-44] INFO  o.e.m.c.i.embedder.EclipseLogger - Using 'UTF-8' encoding to copy filtered resources.
2015-07-20 12:51:30,432 [Worker-44] INFO  o.e.m.c.i.embedder.EclipseLogger - skip non existing resourceDirectory C:\Users\ayokota\Desktop\Practice\httpRequestSender\http\src\test\resources
2015-07-20 12:51:31,537 [Worker-44] INFO  o.e.m.c.i.embedder.EclipseLogger - Using 'UTF-8' encoding to copy filtered resources.
2015-07-20 12:51:31,538 [Worker-44] INFO  o.e.m.c.i.embedder.EclipseLogger - skip non existing resourceDirectory C:\Users\ayokota\Desktop\Practice\httpRequestSender\http\src\main\resources
2015-07-20 12:51:31,540 [Worker-44] INFO  o.e.m.c.i.embedder.EclipseLogger - Using 'UTF-8' encoding to copy filtered resources.
2015-07-20 12:51:31,541 [Worker-44] INFO  o.e.m.c.i.embedder.EclipseLogger - skip non existing resourceDirectory C:\Users\ayokota\Desktop\Practice\httpRequestSender\http\src\test\resources
2015-07-20 12:51:35,814 [Worker-48] INFO  o.e.m.c.i.embedder.EclipseLogger - Using 'UTF-8' encoding to copy filtered resources.
2015-07-20 12:51:35,814 [Worker-48] INFO  o.e.m.c.i.embedder.EclipseLogger - skip non existing resourceDirectory C:\Users\ayokota\Desktop\Practice\httpRequestSender\http\src\main\resources
2015-07-20 12:51:35,815 [Worker-48] INFO  o.e.m.c.i.embedder.EclipseLogger - Using 'UTF-8' encoding to copy filtered resources.
2015-07-20 12:51:35,816 [Worker-48] INFO  o.e.m.c.i.embedder.EclipseLogger - skip non existing resourceDirectory C:\Users\ayokota\Desktop\Practice\httpRequestSender\http\src\test\resources
2015-07-20 12:52:00,760 [Worker-50] INFO  o.e.m.c.i.embedder.EclipseLogger - Using 'UTF-8' encoding to copy filtered resources.
2015-07-20 12:52:00,761 [Worker-50] INFO  o.e.m.c.i.embedder.EclipseLogger - skip non existing resourceDirectory C:\Users\ayokota\Desktop\Practice\httpRequestSender\http\src\main\resources
2015-07-20 12:52:00,762 [Worker-50] INFO  o.e.m.c.i.embedder.EclipseLogger - Using 'UTF-8' encoding to copy filtered resources.
2015-07-20 12:52:00,762 [Worker-50] INFO  o.e.m.c.i.embedder.EclipseLogger - skip non existing resourceDirectory C:\Users\ayokota\Desktop\Practice\httpRequestSender\http\src\test\resources
2015-07-20 12:53:11,253 [Worker-33] INFO  o.e.m.c.i.embedder.EclipseLogger - Using 'UTF-8' encoding to copy filtered resources.
2015-07-20 12:53:11,253 [Worker-33] INFO  o.e.m.c.i.embedder.EclipseLogger - skip non existing resourceDirectory C:\Users\ayokota\Desktop\Practice\httpRequestSender\http\src\main\resources
2015-07-20 12:53:11,257 [Worker-33] INFO  o.e.m.c.i.embedder.EclipseLogger - Using 'UTF-8' encoding to copy filtered resources.
2015-07-20 12:53:11,258 [Worker-33] INFO  o.e.m.c.i.embedder.EclipseLogger - skip non existing resourceDirectory C:\Users\ayokota\Desktop\Practice\httpRequestSender\http\src\test\resources
2015-07-20 12:53:29,314 [Worker-49] INFO  o.e.m.c.i.embedder.EclipseLogger - Using 'UTF-8' encoding to copy filtered resources.
2015-07-20 12:53:29,314 [Worker-49] INFO  o.e.m.c.i.embedder.EclipseLogger - skip non existing resourceDirectory C:\Users\ayokota\Desktop\Practice\httpRequestSender\http\src\main\resources
2015-07-20 12:53:29,315 [Worker-49] INFO  o.e.m.c.i.embedder.EclipseLogger - Using 'UTF-8' encoding to copy filtered resources.
2015-07-20 12:53:29,316 [Worker-49] INFO  o.e.m.c.i.embedder.EclipseLogger - skip non existing resourceDirectory C:\Users\ayokota\Desktop\Practice\httpRequestSender\http\src\test\resources
2015-07-20 12:54:20,341 [Worker-55] INFO  o.e.m.c.i.embedder.EclipseLogger - Using 'UTF-8' encoding to copy filtered resources.
2015-07-20 12:54:20,341 [Worker-55] INFO  o.e.m.c.i.embedder.EclipseLogger - skip non existing resourceDirectory C:\Users\ayokota\Desktop\Practice\httpRequestSender\http\src\main\resources
2015-07-20 12:54:20,342 [Worker-55] INFO  o.e.m.c.i.embedder.EclipseLogger - Using 'UTF-8' encoding to copy filtered resources.
2015-07-20 12:54:20,343 [Worker-55] INFO  o.e.m.c.i.embedder.EclipseLogger - skip non existing resourceDirectory C:\Users\ayokota\Desktop\Practice\httpRequestSender\http\src\test\resources
2015-07-20 12:54:23,098 [Worker-48] INFO  o.e.m.c.i.embedder.EclipseLogger - Using 'UTF-8' encoding to copy filtered resources.
2015-07-20 12:54:23,098 [Worker-48] INFO  o.e.m.c.i.embedder.EclipseLogger - skip non existing resourceDirectory C:\Users\ayokota\Desktop\Practice\httpRequestSender\http\src\main\resources
2015-07-20 12:54:23,100 [Worker-48] INFO  o.e.m.c.i.embedder.EclipseLogger - Using 'UTF-8' encoding to copy filtered resources.
2015-07-20 12:54:23,100 [Worker-48] INFO  o.e.m.c.i.embedder.EclipseLogger - skip non existing resourceDirectory C:\Users\ayokota\Desktop\Practice\httpRequestSender\http\src\test\resources
2015-07-20 12:54:32,298 [Worker-53] INFO  o.e.m.c.i.embedder.EclipseLogger - Using 'UTF-8' encoding to copy filtered resources.
2015-07-20 12:54:32,298 [Worker-53] INFO  o.e.m.c.i.embedder.EclipseLogger - skip non existing resourceDirectory C:\Users\ayokota\Desktop\Practice\httpRequestSender\http\src\main\resources
2015-07-20 12:54:32,299 [Worker-53] INFO  o.e.m.c.i.embedder.EclipseLogger - Using 'UTF-8' encoding to copy filtered resources.
2015-07-20 12:54:32,300 [Worker-53] INFO  o.e.m.c.i.embedder.EclipseLogger - skip non existing resourceDirectory C:\Users\ayokota\Desktop\Practice\httpRequestSender\http\src\test\resources
2015-07-20 12:55:18,857 [Worker-53] INFO  o.e.m.c.i.embedder.EclipseLogger - Using 'UTF-8' encoding to copy filtered resources.
2015-07-20 12:55:18,858 [Worker-53] INFO  o.e.m.c.i.embedder.EclipseLogger - skip non existing resourceDirectory C:\Users\ayokota\Desktop\Practice\httpRequestSender\http\src\main\resources
2015-07-20 12:55:18,862 [Worker-53] INFO  o.e.m.c.i.embedder.EclipseLogger - Using 'UTF-8' encoding to copy filtered resources.
2015-07-20 12:55:18,863 [Worker-53] INFO  o.e.m.c.i.embedder.EclipseLogger - skip non existing resourceDirectory C:\Users\ayokota\Desktop\Practice\httpRequestSender\http\src\test\resources
2015-07-20 12:56:08,571 [Worker-52] INFO  o.e.m.c.i.embedder.EclipseLogger - Using 'UTF-8' encoding to copy filtered resources.
2015-07-20 12:56:08,572 [Worker-52] INFO  o.e.m.c.i.embedder.EclipseLogger - skip non existing resourceDirectory C:\Users\ayokota\Desktop\Practice\httpRequestSender\http\src\main\resources
2015-07-20 12:56:08,573 [Worker-52] INFO  o.e.m.c.i.embedder.EclipseLogger - Using 'UTF-8' encoding to copy filtered resources.
2015-07-20 12:56:08,574 [Worker-52] INFO  o.e.m.c.i.embedder.EclipseLogger - skip non existing resourceDirectory C:\Users\ayokota\Desktop\Practice\httpRequestSender\http\src\test\resources
2015-07-20 12:56:23,136 [Worker-55] INFO  o.e.m.c.i.embedder.EclipseLogger - Using 'UTF-8' encoding to copy filtered resources.
2015-07-20 12:56:23,136 [Worker-55] INFO  o.e.m.c.i.embedder.EclipseLogger - skip non existing resourceDirectory C:\Users\ayokota\Desktop\Practice\httpRequestSender\http\src\main\resources
2015-07-20 12:56:23,137 [Worker-55] INFO  o.e.m.c.i.embedder.EclipseLogger - Using 'UTF-8' encoding to copy filtered resources.
2015-07-20 12:56:23,137 [Worker-55] INFO  o.e.m.c.i.embedder.EclipseLogger - skip non existing resourceDirectory C:\Users\ayokota\Desktop\Practice\httpRequestSender\http\src\test\resources
2015-07-20 12:56:37,836 [Worker-44] INFO  o.e.m.c.i.embedder.EclipseLogger - Using 'UTF-8' encoding to copy filtered resources.
2015-07-20 12:56:37,836 [Worker-44] INFO  o.e.m.c.i.embedder.EclipseLogger - skip non existing resourceDirectory C:\Users\ayokota\Desktop\Practice\httpRequestSender\http\src\main\resources
2015-07-20 12:56:37,839 [Worker-44] INFO  o.e.m.c.i.embedder.EclipseLogger - Using 'UTF-8' encoding to copy filtered resources.
2015-07-20 12:56:37,839 [Worker-44] INFO  o.e.m.c.i.embedder.EclipseLogger - skip non existing resourceDirectory C:\Users\ayokota\Desktop\Practice\httpRequestSender\http\src\test\resources
2015-07-20 12:57:39,881 [Worker-52] INFO  o.e.m.c.i.embedder.EclipseLogger - Using 'UTF-8' encoding to copy filtered resources.
2015-07-20 12:57:39,881 [Worker-52] INFO  o.e.m.c.i.embedder.EclipseLogger - skip non existing resourceDirectory C:\Users\ayokota\Desktop\Practice\httpRequestSender\http\src\main\resources
2015-07-20 12:57:39,884 [Worker-52] INFO  o.e.m.c.i.embedder.EclipseLogger - Using 'UTF-8' encoding to copy filtered resources.
2015-07-20 12:57:39,885 [Worker-52] INFO  o.e.m.c.i.embedder.EclipseLogger - skip non existing resourceDirectory C:\Users\ayokota\Desktop\Practice\httpRequestSender\http\src\test\resources
2015-07-20 13:02:22,463 [Worker-44] INFO  o.e.m.c.i.embedder.EclipseLogger - Using 'UTF-8' encoding to copy filtered resources.
2015-07-20 13:02:22,464 [Worker-44] INFO  o.e.m.c.i.embedder.EclipseLogger - skip non existing resourceDirectory C:\Users\ayokota\Desktop\Practice\httpRequestSender\http\src\main\resources
2015-07-20 13:02:22,467 [Worker-44] INFO  o.e.m.c.i.embedder.EclipseLogger - Using 'UTF-8' encoding to copy filtered resources.
2015-07-20 13:02:22,468 [Worker-44] INFO  o.e.m.c.i.embedder.EclipseLogger - skip non existing resourceDirectory C:\Users\ayokota\Desktop\Practice\httpRequestSender\http\src\test\resources
2015-07-20 13:02:26,377 [Worker-48] INFO  o.e.m.c.i.embedder.EclipseLogger - Using 'UTF-8' encoding to copy filtered resources.
2015-07-20 13:02:26,377 [Worker-48] INFO  o.e.m.c.i.embedder.EclipseLogger - skip non existing resourceDirectory C:\Users\ayokota\Desktop\Practice\httpRequestSender\http\src\main\resources
2015-07-20 13:02:26,378 [Worker-48] INFO  o.e.m.c.i.embedder.EclipseLogger - Using 'UTF-8' encoding to copy filtered resources.
2015-07-20 13:02:26,379 [Worker-48] INFO  o.e.m.c.i.embedder.EclipseLogger - skip non existing resourceDirectory C:\Users\ayokota\Desktop\Practice\httpRequestSender\http\src\test\resources
2015-07-20 13:02:29,263 [Worker-44] INFO  o.e.m.c.i.embedder.EclipseLogger - Using 'UTF-8' encoding to copy filtered resources.
2015-07-20 13:02:29,263 [Worker-44] INFO  o.e.m.c.i.embedder.EclipseLogger - skip non existing resourceDirectory C:\Users\ayokota\Desktop\Practice\httpRequestSender\http\src\main\resources
2015-07-20 13:02:29,265 [Worker-44] INFO  o.e.m.c.i.embedder.EclipseLogger - Using 'UTF-8' encoding to copy filtered resources.
2015-07-20 13:02:29,265 [Worker-44] INFO  o.e.m.c.i.embedder.EclipseLogger - skip non existing resourceDirectory C:\Users\ayokota\Desktop\Practice\httpRequestSender\http\src\test\resources
